2025-02-05 16:28:44 - tornado.access - INFO - 200 GET /plugin/discovery/discovery.xml (192.168.1.1) 15.96ms
2025-02-05 16:28:44 - tornado.access - INFO - 200 GET /plugin/discovery/discovery.xml (192.168.1.1) 14.82ms
2025-02-05 16:41:09 - tornado.access - INFO - 200 GET /? (::1) 929.92ms
2025-02-05 16:41:09 - tornado.access - INFO - 200 GET /static/webassets/packed_libs.css?5afd8762 (::1) 1.17ms
2025-02-05 16:41:09 - tornado.access - INFO - 200 GET /static/webassets/packed_core.js?585c2eb6 (::1) 2.16ms
2025-02-05 16:41:09 - tornado.access - INFO - 200 GET /static/webassets/packed_core.css?b7124f37 (::1) 1.96ms
2025-02-05 16:41:09 - tornado.access - INFO - 200 GET /static/webassets/packed_libs.js?409a9b49 (::1) 2.73ms
2025-02-05 16:41:09 - tornado.access - INFO - 200 GET /static/webassets/packed_client.js?f9a8f75a (::1) 4.21ms
2025-02-05 16:41:09 - tornado.access - INFO - 304 GET /static/vendor/fontawesome-6.1.1/webfonts/fa-brands-400.woff2 (::1) 15.22ms
2025-02-05 16:41:09 - tornado.access - INFO - 304 GET /static/vendor/fontawesome-6.1.1/webfonts/fa-regular-400.woff2 (::1) 10.28ms
2025-02-05 16:41:09 - tornado.access - INFO - 304 GET /static/vendor/fontawesome-6.1.1/webfonts/fa-v4compatibility.woff2 (::1) 9.18ms
2025-02-05 16:41:09 - tornado.access - INFO - 304 GET /static/vendor/fontawesome-6.1.1/webfonts/fa-solid-900.woff2 (::1) 9.33ms
2025-02-05 16:41:09 - tornado.access - INFO - 304 GET /static/vendor/font-awesome-3.2.1/fonts/fontawesome-webfont.woff?v=3.2.1 (::1) 9.53ms
2025-02-05 16:41:09 - tornado.access - INFO - 304 GET /static/img/tentacle-56x56.png (::1) 4.15ms
2025-02-05 16:41:09 - tornado.access - INFO - 304 GET /static/img/financial-support-64x64.png (::1) 3.30ms
2025-02-05 16:41:09 - tornado.access - INFO - 200 GET /sockjs/info?t=1738791669697 (::1) 0.23ms
2025-02-05 16:41:09 - tornado.access - INFO - 101 GET /sockjs/750/i5nz150o/websocket (::1) 0.26ms
2025-02-05 16:41:09 - tornado.access - INFO - 304 GET /static/img/mask-theme.svg (::1) 4.90ms
2025-02-05 16:41:09 - tornado.access - INFO - 200 POST /api/login (::1) 9.29ms
2025-02-05 16:41:09 - tornado.access - INFO - 304 GET /static/manifest.json (::1) 1.88ms
2025-02-05 16:41:09 - tornado.access - INFO - 304 GET /static/img/apple-touch-icon-144x144.png (::1) 10.52ms
2025-02-05 16:41:09 - tornado.access - INFO - 200 GET /api/settings (::1) 36.03ms
2025-02-05 16:41:09 - tornado.access - INFO - 304 GET /plugin/gcodeviewer/static/js/viewer/worker.js (::1) 2.93ms
2025-02-05 16:41:09 - tornado.access - WARNING - 403 GET /api/printer/error (::1) 8.29ms
2025-02-05 16:41:09 - tornado.access - INFO - 304 GET /static/img/tentacle-20x20@2x.png (::1) 13.67ms
2025-02-05 16:41:09 - tornado.access - WARNING - 403 POST /api/plugin/tracking (::1) 15.20ms
2025-02-05 16:41:09 - tornado.access - INFO - 200 GET /api/setup/wizard (::1) 15.83ms
2025-02-05 16:41:09 - tornado.access - INFO - 304 GET /plugin/gcodeviewer/static/js/lib/pako.js (::1) 4.49ms
2025-02-05 16:41:09 - tornado.access - WARNING - 403 GET /api/printerprofiles/_default (::1) 2.60ms
2025-02-05 16:41:11 - tornado.access - INFO - 200 GET /? (::1) 131.68ms
2025-02-05 16:41:11 - tornado.access - INFO - 304 GET /static/webassets/packed_libs.js?409a9b49 (::1) 0.59ms
2025-02-05 16:41:11 - tornado.access - INFO - 304 GET /static/webassets/packed_libs.css?5afd8762 (::1) 1.81ms
2025-02-05 16:41:11 - tornado.access - INFO - 304 GET /static/webassets/packed_core.css?b7124f37 (::1) 1.09ms
2025-02-05 16:41:11 - tornado.access - INFO - 304 GET /static/webassets/packed_core.js?585c2eb6 (::1) 1.32ms
2025-02-05 16:41:11 - tornado.access - INFO - 304 GET /static/webassets/packed_client.js?f9a8f75a (::1) 0.55ms
2025-02-05 16:41:11 - tornado.access - INFO - 304 GET /static/vendor/fontawesome-6.1.1/webfonts/fa-brands-400.woff2 (::1) 9.21ms
2025-02-05 16:41:11 - tornado.access - INFO - 304 GET /static/vendor/fontawesome-6.1.1/webfonts/fa-solid-900.woff2 (::1) 8.18ms
2025-02-05 16:41:11 - tornado.access - INFO - 304 GET /static/vendor/fontawesome-6.1.1/webfonts/fa-v4compatibility.woff2 (::1) 8.03ms
2025-02-05 16:41:11 - tornado.access - INFO - 304 GET /static/vendor/font-awesome-3.2.1/fonts/fontawesome-webfont.woff?v=3.2.1 (::1) 8.22ms
2025-02-05 16:41:11 - tornado.access - INFO - 304 GET /static/vendor/fontawesome-6.1.1/webfonts/fa-regular-400.woff2 (::1) 8.79ms
2025-02-05 16:41:11 - tornado.access - INFO - 304 GET /static/img/tentacle-56x56.png (::1) 8.53ms
2025-02-05 16:41:11 - tornado.access - INFO - 304 GET /static/img/financial-support-64x64.png (::1) 1.54ms
2025-02-05 16:41:11 - tornado.access - INFO - 200 GET /sockjs/info?t=1738791671745 (::1) 0.28ms
2025-02-05 16:41:11 - tornado.access - INFO - 304 GET /static/img/mask-theme.svg (::1) 1.79ms
2025-02-05 16:41:11 - tornado.access - INFO - 101 GET /sockjs/651/0jq03qwx/websocket (::1) 0.33ms
2025-02-05 16:41:11 - tornado.access - INFO - 304 GET /static/manifest.json (::1) 5.07ms
2025-02-05 16:41:11 - tornado.access - INFO - 200 POST /api/login (::1) 5.68ms
2025-02-05 16:41:11 - tornado.access - INFO - 304 GET /static/img/apple-touch-icon-144x144.png (::1) 10.46ms
2025-02-05 16:41:11 - tornado.access - INFO - 200 GET /api/settings (::1) 33.37ms
2025-02-05 16:41:11 - tornado.access - INFO - 304 GET /plugin/gcodeviewer/static/js/viewer/worker.js (::1) 2.36ms
2025-02-05 16:41:11 - tornado.access - WARNING - 403 GET /api/printer/error (::1) 8.51ms
2025-02-05 16:41:11 - tornado.access - WARNING - 403 POST /api/plugin/tracking (::1) 13.84ms
2025-02-05 16:41:11 - tornado.access - INFO - 200 GET /api/setup/wizard (::1) 15.52ms
2025-02-05 16:41:11 - tornado.access - INFO - 304 GET /plugin/gcodeviewer/static/js/lib/pako.js (::1) 7.27ms
2025-02-05 16:41:11 - tornado.access - WARNING - 403 GET /api/printerprofiles/_default (::1) 3.28ms
2025-02-05 16:41:12 - tornado.access - INFO - 200 GET /? (::1) 135.94ms
2025-02-05 16:41:12 - tornado.access - INFO - 304 GET /static/webassets/packed_libs.js?409a9b49 (::1) 0.56ms
2025-02-05 16:41:12 - tornado.access - INFO - 304 GET /static/webassets/packed_client.js?f9a8f75a (::1) 0.98ms
2025-02-05 16:41:12 - tornado.access - INFO - 304 GET /static/webassets/packed_core.css?b7124f37 (::1) 1.43ms
2025-02-05 16:41:12 - tornado.access - INFO - 304 GET /static/webassets/packed_libs.css?5afd8762 (::1) 1.58ms
2025-02-05 16:41:12 - tornado.access - INFO - 304 GET /static/webassets/packed_core.js?585c2eb6 (::1) 1.88ms
2025-02-05 16:41:12 - tornado.access - INFO - 304 GET /static/vendor/fontawesome-6.1.1/webfonts/fa-solid-900.woff2 (::1) 11.04ms
2025-02-05 16:41:12 - tornado.access - INFO - 304 GET /static/vendor/fontawesome-6.1.1/webfonts/fa-brands-400.woff2 (::1) 10.51ms
2025-02-05 16:41:12 - tornado.access - INFO - 304 GET /static/img/tentacle-56x56.png (::1) 7.24ms
2025-02-05 16:41:12 - tornado.access - INFO - 304 GET /static/vendor/font-awesome-3.2.1/fonts/fontawesome-webfont.woff?v=3.2.1 (::1) 9.42ms
2025-02-05 16:41:12 - tornado.access - INFO - 304 GET /static/vendor/fontawesome-6.1.1/webfonts/fa-v4compatibility.woff2 (::1) 9.97ms
2025-02-05 16:41:12 - tornado.access - INFO - 304 GET /static/vendor/fontawesome-6.1.1/webfonts/fa-regular-400.woff2 (::1) 11.28ms
2025-02-05 16:41:12 - tornado.access - INFO - 304 GET /static/img/financial-support-64x64.png (::1) 2.40ms
2025-02-05 16:41:12 - tornado.access - INFO - 200 GET /sockjs/info?t=1738791672872 (::1) 0.40ms
2025-02-05 16:41:12 - tornado.access - INFO - 304 GET /static/img/mask-theme.svg (::1) 5.30ms
2025-02-05 16:41:12 - tornado.access - INFO - 101 GET /sockjs/374/aeqopafq/websocket (::1) 0.69ms
2025-02-05 16:41:12 - tornado.access - INFO - 304 GET /static/manifest.json (::1) 1.38ms
2025-02-05 16:41:12 - tornado.access - INFO - 200 POST /api/login (::1) 5.62ms
2025-02-05 16:41:12 - tornado.access - INFO - 304 GET /static/img/apple-touch-icon-144x144.png (::1) 2.44ms
2025-02-05 16:41:12 - tornado.access - INFO - 200 GET /api/settings (::1) 27.28ms
2025-02-05 16:41:12 - tornado.access - INFO - 304 GET /plugin/gcodeviewer/static/js/viewer/worker.js (::1) 2.26ms
2025-02-05 16:41:12 - tornado.access - WARNING - 403 GET /api/printer/error (::1) 4.14ms
2025-02-05 16:41:13 - tornado.access - WARNING - 403 POST /api/plugin/tracking (::1) 17.01ms
2025-02-05 16:41:13 - tornado.access - INFO - 200 GET /api/setup/wizard (::1) 17.57ms
2025-02-05 16:41:13 - tornado.access - INFO - 304 GET /plugin/gcodeviewer/static/js/lib/pako.js (::1) 4.92ms
2025-02-05 16:41:13 - tornado.access - WARNING - 403 GET /api/printerprofiles/_default (::1) 2.88ms
2025-02-05 16:41:13 - tornado.access - INFO - 200 GET /? (::1) 127.80ms
2025-02-05 16:41:13 - tornado.access - INFO - 304 GET /static/webassets/packed_libs.css?5afd8762 (::1) 0.75ms
2025-02-05 16:41:13 - tornado.access - INFO - 304 GET /static/webassets/packed_libs.js?409a9b49 (::1) 1.29ms
2025-02-05 16:41:13 - tornado.access - INFO - 304 GET /static/webassets/packed_client.js?f9a8f75a (::1) 1.26ms
2025-02-05 16:41:13 - tornado.access - INFO - 304 GET /static/webassets/packed_core.js?585c2eb6 (::1) 1.48ms
2025-02-05 16:41:13 - tornado.access - INFO - 304 GET /static/webassets/packed_core.css?b7124f37 (::1) 1.54ms
2025-02-05 16:41:13 - tornado.access - INFO - 304 GET /static/vendor/fontawesome-6.1.1/webfonts/fa-brands-400.woff2 (::1) 9.73ms
2025-02-05 16:41:13 - tornado.access - INFO - 304 GET /static/vendor/fontawesome-6.1.1/webfonts/fa-regular-400.woff2 (::1) 7.65ms
2025-02-05 16:41:13 - tornado.access - INFO - 304 GET /static/vendor/fontawesome-6.1.1/webfonts/fa-v4compatibility.woff2 (::1) 7.76ms
2025-02-05 16:41:13 - tornado.access - INFO - 304 GET /static/vendor/fontawesome-6.1.1/webfonts/fa-solid-900.woff2 (::1) 9.66ms
2025-02-05 16:41:13 - tornado.access - INFO - 304 GET /static/vendor/font-awesome-3.2.1/fonts/fontawesome-webfont.woff?v=3.2.1 (::1) 10.57ms
2025-02-05 16:41:13 - tornado.access - INFO - 304 GET /static/img/tentacle-56x56.png (::1) 12.03ms
2025-02-05 16:41:13 - tornado.access - INFO - 304 GET /static/img/financial-support-64x64.png (::1) 2.30ms
2025-02-05 16:41:13 - tornado.access - INFO - 200 GET /sockjs/info?t=1738791673826 (::1) 0.65ms
2025-02-05 16:41:13 - tornado.access - INFO - 304 GET /static/img/mask-theme.svg (::1) 6.54ms
2025-02-05 16:41:13 - tornado.access - INFO - 101 GET /sockjs/184/u25ov4rm/websocket (::1) 0.38ms
2025-02-05 16:41:13 - tornado.access - INFO - 304 GET /static/manifest.json (::1) 3.35ms
2025-02-05 16:41:13 - tornado.access - INFO - 200 POST /api/login (::1) 8.68ms
2025-02-05 16:41:13 - tornado.access - INFO - 304 GET /static/img/apple-touch-icon-144x144.png (::1) 3.82ms
2025-02-05 16:41:13 - tornado.access - INFO - 200 GET /api/settings (::1) 30.75ms
2025-02-05 16:41:13 - tornado.access - INFO - 304 GET /plugin/gcodeviewer/static/js/viewer/worker.js (::1) 2.41ms
2025-02-05 16:41:13 - tornado.access - WARNING - 403 GET /api/printer/error (::1) 8.04ms
2025-02-05 16:41:13 - tornado.access - INFO - 200 GET /api/setup/wizard (::1) 11.46ms
2025-02-05 16:41:13 - tornado.access - WARNING - 403 POST /api/plugin/tracking (::1) 11.45ms
2025-02-05 16:41:13 - tornado.access - INFO - 304 GET /plugin/gcodeviewer/static/js/lib/pako.js (::1) 7.76ms
2025-02-05 16:41:13 - tornado.access - WARNING - 403 GET /api/printerprofiles/_default (::1) 2.94ms
2025-02-05 16:42:44 - tornado.access - INFO - 200 GET / (::1) 157.32ms
2025-02-05 16:42:44 - tornado.access - INFO - 200 GET /static/webassets/packed_libs.js?409a9b49 (::1) 4.42ms
2025-02-05 16:42:44 - tornado.access - INFO - 200 GET /static/webassets/packed_core.js?585c2eb6 (::1) 5.18ms
2025-02-05 16:42:44 - tornado.access - INFO - 200 GET /static/webassets/packed_libs.css?5afd8762 (::1) 7.56ms
2025-02-05 16:42:44 - tornado.access - INFO - 200 GET /static/webassets/packed_core.css?b7124f37 (::1) 8.96ms
2025-02-05 16:42:44 - tornado.access - INFO - 200 GET /static/webassets/packed_client.js?f9a8f75a (::1) 9.34ms
2025-02-05 16:42:44 - tornado.access - INFO - 200 GET /static/vendor/fontawesome-6.1.1/webfonts/fa-v4compatibility.woff2 (::1) 10.57ms
2025-02-05 16:42:44 - tornado.access - INFO - 200 GET /static/vendor/fontawesome-6.1.1/webfonts/fa-regular-400.woff2 (::1) 17.79ms
2025-02-05 16:42:44 - tornado.access - INFO - 200 GET /static/img/tentacle-56x56.png (::1) 6.89ms
2025-02-05 16:42:44 - tornado.access - INFO - 200 GET /static/vendor/font-awesome-3.2.1/fonts/fontawesome-webfont.woff?v=3.2.1 (::1) 19.42ms
2025-02-05 16:42:44 - tornado.access - INFO - 200 GET /static/img/financial-support-64x64.png (::1) 6.77ms
2025-02-05 16:42:44 - tornado.access - INFO - 200 GET /i18n/en/messages.js (::1) 40.26ms
2025-02-05 16:42:44 - tornado.access - INFO - 200 GET /static/vendor/fontawesome-6.1.1/webfonts/fa-brands-400.woff2 (::1) 23.69ms
2025-02-05 16:42:44 - tornado.access - INFO - 200 GET /static/vendor/fontawesome-6.1.1/webfonts/fa-solid-900.woff2 (::1) 27.98ms
2025-02-05 16:42:44 - tornado.access - INFO - 200 GET /sockjs/info?t=1738791764640 (::1) 0.40ms
2025-02-05 16:42:44 - tornado.access - INFO - 200 GET /static/img/mask-theme.svg (::1) 3.34ms
2025-02-05 16:42:44 - tornado.access - INFO - 101 GET /sockjs/364/0onnohso/websocket (::1) 0.48ms
2025-02-05 16:42:44 - tornado.access - INFO - 200 GET /static/manifest.json (::1) 7.05ms
2025-02-05 16:42:44 - tornado.access - INFO - 200 POST /api/login (::1) 5.33ms
2025-02-05 16:42:44 - tornado.access - INFO - 200 GET /static/img/apple-touch-icon-144x144.png (::1) 2.06ms
2025-02-05 16:42:44 - tornado.access - INFO - 200 GET /api/settings (::1) 32.38ms
2025-02-05 16:42:44 - tornado.access - INFO - 200 GET /plugin/gcodeviewer/static/js/viewer/worker.js (::1) 2.89ms
2025-02-05 16:42:44 - tornado.access - WARNING - 403 GET /api/printer/error (::1) 3.55ms
2025-02-05 16:42:44 - tornado.access - INFO - 200 GET /api/setup/wizard (::1) 10.00ms
2025-02-05 16:42:44 - tornado.access - WARNING - 403 POST /api/plugin/tracking (::1) 10.45ms
2025-02-05 16:42:44 - tornado.access - INFO - 200 GET /static/img/tentacle-20x20@2x.png (::1) 11.79ms
2025-02-05 16:42:44 - tornado.access - WARNING - 403 GET /api/printerprofiles/_default (::1) 3.66ms
2025-02-05 16:42:44 - tornado.access - INFO - 200 GET /plugin/gcodeviewer/static/js/lib/pako.js (::1) 10.15ms
2025-02-05 16:42:46 - tornado.access - INFO - 200 GET / (::1) 132.79ms
2025-02-05 16:42:46 - tornado.access - INFO - 304 GET /static/vendor/fontawesome-6.1.1/webfonts/fa-v4compatibility.woff2 (::1) 10.56ms
2025-02-05 16:42:46 - tornado.access - INFO - 304 GET /static/vendor/fontawesome-6.1.1/webfonts/fa-brands-400.woff2 (::1) 10.59ms
2025-02-05 16:42:46 - tornado.access - INFO - 304 GET /static/vendor/fontawesome-6.1.1/webfonts/fa-solid-900.woff2 (::1) 9.71ms
2025-02-05 16:42:46 - tornado.access - INFO - 304 GET /static/img/tentacle-56x56.png (::1) 9.16ms
2025-02-05 16:42:46 - tornado.access - INFO - 304 GET /static/vendor/font-awesome-3.2.1/fonts/fontawesome-webfont.woff?v=3.2.1 (::1) 10.50ms
2025-02-05 16:42:46 - tornado.access - INFO - 304 GET /static/vendor/fontawesome-6.1.1/webfonts/fa-regular-400.woff2 (::1) 12.09ms
2025-02-05 16:42:46 - tornado.access - INFO - 304 GET /static/img/financial-support-64x64.png (::1) 3.29ms
2025-02-05 16:42:46 - tornado.access - INFO - 200 GET /sockjs/info?t=1738791766528 (::1) 0.26ms
2025-02-05 16:42:46 - tornado.access - INFO - 304 GET /static/img/mask-theme.svg (::1) 1.76ms
2025-02-05 16:42:46 - tornado.access - INFO - 101 GET /sockjs/625/pmnzgy1q/websocket (::1) 0.40ms
2025-02-05 16:42:46 - tornado.access - INFO - 200 POST /api/login (::1) 6.39ms
2025-02-05 16:42:46 - tornado.access - INFO - 304 GET /static/manifest.json (::1) 6.12ms
2025-02-05 16:42:46 - tornado.access - INFO - 304 GET /static/img/apple-touch-icon-144x144.png (::1) 15.80ms
2025-02-05 16:42:46 - tornado.access - INFO - 200 GET /api/settings (::1) 34.04ms
2025-02-05 16:42:46 - tornado.access - INFO - 304 GET /plugin/gcodeviewer/static/js/viewer/worker.js (::1) 2.01ms
2025-02-05 16:42:46 - tornado.access - WARNING - 403 GET /api/printer/error (::1) 8.16ms
2025-02-05 16:42:46 - tornado.access - WARNING - 403 POST /api/plugin/tracking (::1) 11.57ms
2025-02-05 16:42:46 - tornado.access - INFO - 200 GET /api/setup/wizard (::1) 12.89ms
2025-02-05 16:42:46 - tornado.access - INFO - 304 GET /plugin/gcodeviewer/static/js/lib/pako.js (::1) 3.41ms
2025-02-05 16:42:46 - tornado.access - WARNING - 403 GET /api/printerprofiles/_default (::1) 2.85ms
2025-02-05 16:42:51 - tornado.access - INFO - 200 GET / (::1) 156.74ms
2025-02-05 16:42:51 - tornado.access - INFO - 304 GET /static/webassets/packed_libs.js?409a9b49 (::1) 0.75ms
2025-02-05 16:42:51 - tornado.access - INFO - 304 GET /static/webassets/packed_client.js?f9a8f75a (::1) 1.01ms
2025-02-05 16:42:51 - tornado.access - INFO - 304 GET /static/webassets/packed_core.js?585c2eb6 (::1) 1.46ms
2025-02-05 16:42:51 - tornado.access - INFO - 304 GET /static/webassets/packed_libs.css?5afd8762 (::1) 1.79ms
2025-02-05 16:42:51 - tornado.access - INFO - 304 GET /static/webassets/packed_core.css?b7124f37 (::1) 2.63ms
2025-02-05 16:42:51 - tornado.access - INFO - 304 GET /static/vendor/fontawesome-6.1.1/webfonts/fa-brands-400.woff2 (::1) 9.22ms
2025-02-05 16:42:51 - tornado.access - INFO - 304 GET /static/vendor/fontawesome-6.1.1/webfonts/fa-regular-400.woff2 (::1) 9.70ms
2025-02-05 16:42:51 - tornado.access - INFO - 304 GET /static/vendor/fontawesome-6.1.1/webfonts/fa-solid-900.woff2 (::1) 10.02ms
2025-02-05 16:42:51 - tornado.access - INFO - 304 GET /static/vendor/font-awesome-3.2.1/fonts/fontawesome-webfont.woff?v=3.2.1 (::1) 9.74ms
2025-02-05 16:42:51 - tornado.access - INFO - 304 GET /static/img/tentacle-56x56.png (::1) 9.75ms
2025-02-05 16:42:51 - tornado.access - INFO - 304 GET /static/vendor/fontawesome-6.1.1/webfonts/fa-v4compatibility.woff2 (::1) 11.30ms
2025-02-05 16:42:51 - tornado.access - INFO - 304 GET /static/img/financial-support-64x64.png (::1) 2.24ms
2025-02-05 16:42:51 - tornado.access - INFO - 200 GET /sockjs/info?t=1738791771635 (::1) 0.85ms
2025-02-05 16:42:51 - tornado.access - INFO - 304 GET /static/img/mask-theme.svg (::1) 8.19ms
2025-02-05 16:42:51 - tornado.access - INFO - 101 GET /sockjs/909/bcgg3z2i/websocket (::1) 0.32ms
2025-02-05 16:42:51 - tornado.access - INFO - 304 GET /static/manifest.json (::1) 5.95ms
2025-02-05 16:42:51 - tornado.access - INFO - 200 POST /api/login (::1) 6.08ms
2025-02-05 16:42:51 - tornado.access - INFO - 304 GET /static/img/apple-touch-icon-144x144.png (::1) 3.80ms
2025-02-05 16:42:51 - tornado.access - INFO - 200 GET /api/settings (::1) 30.89ms
2025-02-05 16:42:51 - tornado.access - INFO - 304 GET /plugin/gcodeviewer/static/js/viewer/worker.js (::1) 2.59ms
2025-02-05 16:42:51 - tornado.access - WARNING - 403 GET /api/printer/error (::1) 12.03ms
2025-02-05 16:42:51 - tornado.access - INFO - 200 GET /api/setup/wizard (::1) 15.62ms
2025-02-05 16:42:51 - tornado.access - WARNING - 403 POST /api/plugin/tracking (::1) 15.79ms
2025-02-05 16:42:51 - tornado.access - INFO - 304 GET /plugin/gcodeviewer/static/js/lib/pako.js (::1) 7.26ms
2025-02-05 16:42:51 - tornado.access - WARNING - 403 GET /api/printerprofiles/_default (::1) 3.03ms
2025-02-05 16:42:52 - tornado.access - INFO - 200 GET / (::1) 169.01ms
2025-02-05 16:42:52 - tornado.access - INFO - 304 GET /static/vendor/fontawesome-6.1.1/webfonts/fa-solid-900.woff2 (::1) 13.03ms
2025-02-05 16:42:52 - tornado.access - INFO - 304 GET /static/vendor/fontawesome-6.1.1/webfonts/fa-brands-400.woff2 (::1) 10.94ms
2025-02-05 16:42:52 - tornado.access - INFO - 304 GET /static/vendor/fontawesome-6.1.1/webfonts/fa-regular-400.woff2 (::1) 11.91ms
2025-02-05 16:42:52 - tornado.access - INFO - 304 GET /static/img/tentacle-56x56.png (::1) 13.83ms
2025-02-05 16:42:52 - tornado.access - INFO - 304 GET /static/vendor/font-awesome-3.2.1/fonts/fontawesome-webfont.woff?v=3.2.1 (::1) 12.19ms
2025-02-05 16:42:52 - tornado.access - INFO - 304 GET /static/vendor/fontawesome-6.1.1/webfonts/fa-v4compatibility.woff2 (::1) 13.88ms
2025-02-05 16:42:52 - tornado.access - INFO - 304 GET /static/img/financial-support-64x64.png (::1) 1.78ms
2025-02-05 16:42:52 - tornado.access - INFO - 200 GET /sockjs/info?t=1738791772977 (::1) 0.26ms
2025-02-05 16:42:52 - tornado.access - INFO - 304 GET /static/img/mask-theme.svg (::1) 5.06ms
2025-02-05 16:42:52 - tornado.access - INFO - 101 GET /sockjs/241/j4m3z5od/websocket (::1) 0.58ms
2025-02-05 16:42:52 - tornado.access - INFO - 304 GET /static/manifest.json (::1) 4.07ms
2025-02-05 16:42:52 - tornado.access - INFO - 200 POST /api/login (::1) 7.63ms
2025-02-05 16:42:53 - tornado.access - INFO - 304 GET /static/img/apple-touch-icon-144x144.png (::1) 2.95ms
2025-02-05 16:42:53 - tornado.access - INFO - 200 GET /api/settings (::1) 29.25ms
2025-02-05 16:42:53 - tornado.access - INFO - 304 GET /plugin/gcodeviewer/static/js/viewer/worker.js (::1) 2.83ms
2025-02-05 16:42:53 - tornado.access - WARNING - 403 GET /api/printer/error (::1) 9.15ms
2025-02-05 16:42:53 - tornado.access - INFO - 200 GET /api/setup/wizard (::1) 9.72ms
2025-02-05 16:42:53 - tornado.access - WARNING - 403 POST /api/plugin/tracking (::1) 9.45ms
2025-02-05 16:42:53 - tornado.access - INFO - 304 GET /plugin/gcodeviewer/static/js/lib/pako.js (::1) 6.80ms
2025-02-05 16:42:53 - tornado.access - WARNING - 403 GET /api/printerprofiles/_default (::1) 3.40ms
2025-02-05 16:49:16 - tornado.access - INFO - 200 GET /sockjs/info?t=1738792156577 (::1) 1.30ms
2025-02-05 16:49:16 - tornado.access - INFO - 101 GET /sockjs/308/nsqnkqar/websocket (::1) 0.83ms
2025-02-05 16:49:16 - tornado.access - INFO - 200 POST /api/login (::1) 13.32ms
2025-02-05 16:49:16 - tornado.access - INFO - 200 GET /api/settings (::1) 42.76ms
2025-02-05 17:03:53 - tornado.access - INFO - 200 GET / (::1) 561.24ms
2025-02-05 17:03:53 - tornado.access - INFO - 200 GET /static/webassets/packed_libs.js?409a9b49 (::1) 8.26ms
2025-02-05 17:03:53 - tornado.access - INFO - 200 GET /static/webassets/packed_libs.css?5afd8762 (::1) 7.78ms
2025-02-05 17:03:53 - tornado.access - INFO - 200 GET /static/webassets/packed_core.css?b7124f37 (::1) 7.99ms
2025-02-05 17:03:53 - tornado.access - INFO - 200 GET /static/webassets/packed_core.js?585c2eb6 (::1) 10.75ms
2025-02-05 17:03:53 - tornado.access - INFO - 200 GET /static/webassets/packed_client.js?f9a8f75a (::1) 1.12ms
2025-02-05 17:03:53 - tornado.access - INFO - 200 GET /static/vendor/fontawesome-6.1.1/webfonts/fa-v4compatibility.woff2 (::1) 6.95ms
2025-02-05 17:03:53 - tornado.access - INFO - 200 GET /static/vendor/fontawesome-6.1.1/webfonts/fa-regular-400.woff2 (::1) 10.34ms
2025-02-05 17:03:53 - tornado.access - INFO - 200 GET /static/img/tentacle-56x56.png (::1) 6.74ms
2025-02-05 17:03:53 - tornado.access - INFO - 200 GET /static/vendor/font-awesome-3.2.1/fonts/fontawesome-webfont.woff?v=3.2.1 (::1) 14.52ms
2025-02-05 17:03:53 - tornado.access - INFO - 200 GET /static/img/financial-support-64x64.png (::1) 5.38ms
2025-02-05 17:03:53 - tornado.access - INFO - 200 GET /i18n/en/messages.js (::1) 33.62ms
2025-02-05 17:03:53 - tornado.access - INFO - 200 GET /static/vendor/fontawesome-6.1.1/webfonts/fa-brands-400.woff2 (::1) 19.64ms
2025-02-05 17:03:53 - tornado.access - INFO - 200 GET /static/vendor/fontawesome-6.1.1/webfonts/fa-solid-900.woff2 (::1) 22.00ms
2025-02-05 17:03:53 - tornado.access - INFO - 200 GET /sockjs/info?t=1738793033274 (::1) 0.59ms
2025-02-05 17:03:53 - tornado.access - INFO - 101 GET /sockjs/689/j0qxqv2u/websocket (::1) 0.48ms
2025-02-05 17:03:53 - tornado.access - INFO - 200 GET /static/img/mask-theme.svg (::1) 6.33ms
2025-02-05 17:03:53 - tornado.access - INFO - 200 POST /api/login (::1) 8.17ms
2025-02-05 17:03:53 - tornado.access - INFO - 200 GET /static/manifest.json (::1) 1.97ms
2025-02-05 17:03:53 - tornado.access - INFO - 200 GET /static/img/apple-touch-icon-144x144.png (::1) 28.59ms
2025-02-05 17:03:53 - tornado.access - INFO - 200 GET /api/settings (::1) 29.82ms
2025-02-05 17:03:53 - tornado.access - INFO - 200 GET /plugin/gcodeviewer/static/js/viewer/worker.js (::1) 3.25ms
2025-02-05 17:03:53 - tornado.access - WARNING - 403 GET /api/printer/error (::1) 3.53ms
2025-02-05 17:03:53 - tornado.access - INFO - 200 GET /api/setup/wizard (::1) 10.56ms
2025-02-05 17:03:53 - tornado.access - WARNING - 403 POST /api/plugin/tracking (::1) 11.08ms
2025-02-05 17:03:53 - tornado.access - INFO - 200 GET /static/img/tentacle-20x20@2x.png (::1) 13.51ms
2025-02-05 17:03:53 - tornado.access - WARNING - 403 GET /api/printerprofiles/_default (::1) 3.75ms
2025-02-05 17:03:53 - tornado.access - INFO - 200 GET /plugin/gcodeviewer/static/js/lib/pako.js (::1) 8.63ms
2025-02-05 17:04:01 - tornado.access - INFO - 204 POST /plugin/corewizard/acl (::1) 69.98ms
2025-02-05 17:04:01 - tornado.access - INFO - 200 POST /api/login (::1) 47.59ms
2025-02-05 17:04:01 - tornado.access - INFO - 200 GET /api/plugin/appkeys (::1) 32.52ms
2025-02-05 17:04:01 - tornado.access - INFO - 200 GET /api/access/groups (::1) 40.62ms
2025-02-05 17:04:01 - tornado.access - INFO - 200 GET /api/plugin/appkeys?all=true (::1) 41.63ms
2025-02-05 17:04:01 - tornado.access - INFO - 200 GET /api/system/commands (::1) 43.54ms
2025-02-05 17:04:01 - tornado.access - INFO - 200 GET /api/system/startup (::1) 43.64ms
2025-02-05 17:04:01 - tornado.access - INFO - 200 GET /plugin/logging/ (::1) 17.49ms
2025-02-05 17:04:01 - tornado.access - INFO - 200 GET /api/printerprofiles (::1) 55.67ms
2025-02-05 17:04:01 - tornado.access - INFO - 200 GET /api/plugin/action_command_notification (::1) 19.13ms
2025-02-05 17:04:01 - tornado.access - INFO - 200 GET /plugin/achievements/ (::1) 21.52ms
2025-02-05 17:04:01 - tornado.access - INFO - 200 GET /api/timelapse?unrendered=true (::1) 25.03ms
2025-02-05 17:04:01 - tornado.access - INFO - 200 GET /api/setup/wizard (::1) 29.11ms
2025-02-05 17:04:01 - tornado.access - INFO - 200 GET /api/printer/command/custom (::1) 15.09ms
2025-02-05 17:04:01 - tornado.access - INFO - 200 GET /api/connection (::1) 25.82ms
2025-02-05 17:04:01 - tornado.access - INFO - 200 GET /api/slicing (::1) 8.52ms
2025-02-05 17:04:01 - tornado.access - INFO - 200 GET /api/printer/error (::1) 9.93ms
2025-02-05 17:04:01 - tornado.access - INFO - 200 GET /api/plugin/firmware_check (::1) 12.63ms
2025-02-05 17:04:01 - tornado.access - INFO - 200 GET /api/files?recursive=true (::1) 20.33ms
2025-02-05 17:04:01 - tornado.access - INFO - 200 GET /api/plugin/file_check (::1) 20.99ms
2025-02-05 17:04:01 - tornado.access - INFO - 200 GET /plugin/pluginmanager/plugins (::1) 19.52ms
2025-02-05 17:04:01 - tornado.access - INFO - 200 GET /plugin/softwareupdate/updatelog (::1) 14.50ms
2025-02-05 17:04:01 - tornado.access - INFO - 200 GET /plugin/softwareupdate/check (::1) 25.90ms
2025-02-05 17:04:01 - tornado.access - INFO - 200 GET /api/access/users (::1) 18.91ms
2025-02-05 17:04:01 - tornado.access - INFO - 200 GET /static/img/graph-background.png (::1) 43.86ms
2025-02-05 17:04:01 - tornado.access - INFO - 200 GET /api/settings (::1) 45.95ms
2025-02-05 17:04:01 - tornado.access - INFO - 200 GET /api/printerprofiles/_default (::1) 32.64ms
2025-02-05 17:04:01 - tornado.access - INFO - 200 GET /plugin/announcements/channels (::1) 103.73ms
2025-02-05 17:04:01 - tornado.access - INFO - 200 GET /api/plugin/file_check (::1) 3.71ms
2025-02-05 17:04:06 - tornado.access - INFO - 200 GET /api/system/commands (::1) 32.94ms
2025-02-05 17:04:06 - tornado.access - INFO - 200 GET /api/system/startup (::1) 27.85ms
2025-02-05 17:04:06 - tornado.access - INFO - 200 GET /api/printer/command/custom (::1) 29.34ms
2025-02-05 17:04:06 - tornado.access - INFO - 200 POST /api/settings (::1) 66.34ms
2025-02-05 17:04:06 - tornado.access - INFO - 200 GET /plugin/logging/ (::1) 36.96ms
2025-02-05 17:04:06 - tornado.access - INFO - 200 GET /api/connection (::1) 39.73ms
2025-02-05 17:04:06 - tornado.access - INFO - 304 GET /api/slicing (::1) 10.72ms
2025-02-05 17:04:06 - tornado.access - INFO - 200 GET /api/plugin/file_check (::1) 6.87ms
2025-02-05 17:04:08 - tornado.access - INFO - 200 POST /api/settings (::1) 51.42ms
2025-02-05 17:04:08 - tornado.access - INFO - 200 GET /api/system/commands (::1) 30.88ms
2025-02-05 17:04:08 - tornado.access - INFO - 200 GET /api/system/startup (::1) 30.83ms
2025-02-05 17:04:08 - tornado.access - INFO - 200 GET /api/printer/command/custom (::1) 31.55ms
2025-02-05 17:04:08 - tornado.access - INFO - 200 GET /plugin/logging/ (::1) 31.88ms
2025-02-05 17:04:08 - tornado.access - INFO - 200 GET /api/connection (::1) 32.20ms
2025-02-05 17:04:08 - tornado.access - INFO - 304 GET /api/slicing (::1) 4.68ms
2025-02-05 17:04:08 - tornado.access - INFO - 200 GET /api/plugin/file_check (::1) 12.93ms
2025-02-05 17:04:09 - tornado.access - INFO - 200 GET /api/system/commands (::1) 32.29ms
2025-02-05 17:04:09 - tornado.access - INFO - 200 GET /api/printer/command/custom (::1) 31.92ms
2025-02-05 17:04:09 - tornado.access - INFO - 200 GET /api/system/startup (::1) 32.40ms
2025-02-05 17:04:09 - tornado.access - INFO - 200 POST /api/settings (::1) 55.91ms
2025-02-05 17:04:09 - tornado.access - INFO - 200 GET /plugin/logging/ (::1) 32.78ms
2025-02-05 17:04:09 - tornado.access - INFO - 200 GET /api/connection (::1) 34.53ms
2025-02-05 17:04:09 - tornado.access - INFO - 304 GET /api/slicing (::1) 5.34ms
2025-02-05 17:04:09 - tornado.access - INFO - 200 GET /api/plugin/file_check (::1) 5.30ms
2025-02-05 17:04:17 - tornado.access - INFO - 200 PATCH /api/printerprofiles/_default (::1) 67.81ms
2025-02-05 17:04:17 - tornado.access - INFO - 200 GET /api/system/commands (::1) 40.35ms
2025-02-05 17:04:17 - tornado.access - INFO - 200 GET /api/system/startup (::1) 42.98ms
2025-02-05 17:04:17 - tornado.access - INFO - 200 GET /plugin/logging/ (::1) 43.12ms
2025-02-05 17:04:17 - tornado.access - INFO - 200 GET /api/connection (::1) 48.48ms
2025-02-05 17:04:17 - tornado.access - INFO - 200 POST /api/settings (::1) 89.59ms
2025-02-05 17:04:17 - tornado.access - INFO - 200 GET /api/printer/command/custom (::1) 20.34ms
2025-02-05 17:04:17 - tornado.access - INFO - 304 GET /api/slicing (::1) 9.69ms
2025-02-05 17:04:17 - tornado.access - INFO - 200 GET /api/printerprofiles (::1) 13.15ms
2025-02-05 17:04:17 - tornado.access - INFO - 200 GET /api/plugin/file_check (::1) 9.69ms
2025-02-05 17:04:17 - tornado.access - INFO - 204 POST /api/setup/wizard (::1) 7.46ms
2025-02-05 17:04:17 - tornado.access - INFO - 304 GET /plugin/softwareupdate/check (::1) 5.01ms
2025-02-05 17:04:22 - tornado.access - INFO - 200 GET /api/languages (::1) 44.31ms
2025-02-05 17:04:22 - tornado.access - INFO - 200 GET /api/plugin/appkeys?all=true (::1) 65.65ms
2025-02-05 17:04:22 - tornado.access - INFO - 200 GET /plugin/backup/ (::1) 61.18ms
2025-02-05 17:04:22 - tornado.access - INFO - 200 GET /plugin/pluginmanager/orphans (::1) 59.65ms
2025-02-05 17:04:22 - tornado.access - INFO - 200 GET /plugin/pluginmanager/repository (::1) 62.19ms
2025-02-05 17:04:22 - tornado.access - INFO - 200 GET /plugin/logging/ (::1) 66.53ms
2025-02-05 17:04:22 - tornado.access - INFO - 304 GET /api/printerprofiles (::1) 7.04ms
2025-02-05 17:04:24 - tornado.access - INFO - 200 GET /api/settings (::1) 59.15ms
2025-02-05 17:04:24 - tornado.access - INFO - 200 GET /api/plugin/file_check (::1) 3.91ms
