2025-02-05 16:28:32 - tornado.access - INFO - 200 GET / (::1) 1660.82ms
2025-02-05 16:28:32 - tornado.access - INFO - 200 GET /static/webassets/packed_libs.js?409a9b49 (::1) 7.67ms
2025-02-05 16:28:32 - tornado.access - INFO - 200 GET /static/webassets/packed_libs.css?5afd8762 (::1) 8.30ms
2025-02-05 16:28:32 - tornado.access - INFO - 200 GET /static/webassets/packed_core.css?b7124f37 (::1) 9.17ms
2025-02-05 16:28:32 - tornado.access - INFO - 200 GET /static/webassets/packed_core.js?585c2eb6 (::1) 9.82ms
2025-02-05 16:28:32 - tornado.access - INFO - 200 GET /static/webassets/packed_client.js?f9a8f75a (::1) 2.43ms
2025-02-05 16:28:32 - tornado.access - INFO - 200 GET /static/vendor/fontawesome-6.1.1/webfonts/fa-v4compatibility.woff2 (::1) 19.89ms
2025-02-05 16:28:32 - tornado.access - INFO - 200 GET /static/vendor/fontawesome-6.1.1/webfonts/fa-regular-400.woff2 (::1) 25.28ms
2025-02-05 16:28:32 - tornado.access - INFO - 200 GET /static/vendor/font-awesome-3.2.1/fonts/fontawesome-webfont.woff?v=3.2.1 (::1) 26.74ms
2025-02-05 16:28:32 - tornado.access - INFO - 200 GET /i18n/en/messages.js (::1) 47.84ms
2025-02-05 16:28:32 - tornado.access - INFO - 200 GET /static/img/tentacle-56x56.png (::1) 9.97ms
2025-02-05 16:28:32 - tornado.access - INFO - 200 GET /static/img/financial-support-64x64.png (::1) 6.93ms
2025-02-05 16:28:32 - tornado.access - INFO - 200 GET /static/vendor/fontawesome-6.1.1/webfonts/fa-brands-400.woff2 (::1) 38.74ms
2025-02-05 16:28:32 - tornado.access - INFO - 200 GET /static/vendor/fontawesome-6.1.1/webfonts/fa-solid-900.woff2 (::1) 45.44ms
2025-02-05 16:28:32 - tornado.access - INFO - 200 GET /static/img/mask-theme.svg (::1) 1.82ms
2025-02-05 16:28:32 - tornado.access - INFO - 200 GET /sockjs/info?t=1738790912821 (::1) 0.87ms
2025-02-05 16:28:32 - tornado.access - INFO - 200 GET /static/manifest.json (::1) 1.85ms
2025-02-05 16:28:32 - tornado.access - INFO - 101 GET /sockjs/845/vtb2k1wh/websocket (::1) 0.34ms
2025-02-05 16:28:32 - tornado.access - INFO - 200 GET /static/img/apple-touch-icon-144x144.png (::1) 1.38ms
2025-02-05 16:28:32 - tornado.access - INFO - 200 POST /api/login (::1) 10.36ms
2025-02-05 16:28:32 - tornado.access - INFO - 200 GET /api/settings (::1) 44.83ms
2025-02-05 16:28:33 - tornado.access - INFO - 200 GET /plugin/gcodeviewer/static/js/viewer/worker.js (::1) 13.68ms
2025-02-05 16:28:33 - tornado.access - WARNING - 403 GET /api/printer/error (::1) 23.29ms
2025-02-05 16:28:33 - tornado.access - WARNING - 403 POST /api/plugin/tracking (::1) 23.85ms
2025-02-05 16:28:33 - tornado.access - INFO - 200 GET /api/setup/wizard (::1) 27.55ms
2025-02-05 16:28:33 - tornado.access - INFO - 200 GET /static/img/tentacle-20x20@2x.png (::1) 28.86ms
2025-02-05 16:28:33 - tornado.access - WARNING - 403 GET /api/printerprofiles/_default (::1) 3.41ms
2025-02-05 16:28:33 - tornado.access - INFO - 200 GET /plugin/gcodeviewer/static/js/lib/pako.js (::1) 20.68ms
2025-02-05 16:28:52 - tornado.access - INFO - 204 POST /plugin/corewizard/acl (::1) 57.88ms
2025-02-05 16:28:53 - tornado.access - INFO - 200 POST /api/login (::1) 51.76ms
2025-02-05 16:28:53 - tornado.access - INFO - 200 GET /api/plugin/appkeys (::1) 40.93ms
2025-02-05 16:28:53 - tornado.access - INFO - 200 GET /api/access/groups (::1) 42.22ms
2025-02-05 16:28:53 - tornado.access - INFO - 200 GET /api/plugin/appkeys?all=true (::1) 33.95ms
2025-02-05 16:28:53 - tornado.access - INFO - 200 GET /api/system/startup (::1) 39.08ms
2025-02-05 16:28:53 - tornado.access - INFO - 200 GET /api/system/commands (::1) 39.93ms
2025-02-05 16:28:53 - tornado.access - INFO - 200 GET /api/printerprofiles (::1) 67.29ms
2025-02-05 16:28:53 - tornado.access - INFO - 200 GET /api/timelapse?unrendered=true (::1) 42.38ms
2025-02-05 16:28:53 - tornado.access - INFO - 200 GET /plugin/logging/ (::1) 43.89ms
2025-02-05 16:28:53 - tornado.access - INFO - 200 GET /api/setup/wizard (::1) 47.42ms
2025-02-05 16:28:53 - tornado.access - INFO - 200 GET /api/plugin/action_command_notification (::1) 29.46ms
2025-02-05 16:28:53 - tornado.access - INFO - 200 GET /plugin/achievements/ (::1) 39.27ms
2025-02-05 16:28:53 - tornado.access - INFO - 200 GET /api/printer/command/custom (::1) 32.83ms
2025-02-05 16:28:53 - tornado.access - INFO - 200 GET /api/slicing (::1) 50.08ms
2025-02-05 16:28:53 - tornado.access - INFO - 200 GET /api/printer/error (::1) 67.17ms
2025-02-05 16:28:53 - tornado.access - INFO - 200 GET /api/connection (::1) 80.31ms
2025-02-05 16:28:53 - tornado.access - INFO - 200 GET /api/plugin/firmware_check (::1) 28.65ms
2025-02-05 16:28:53 - tornado.access - INFO - 200 GET /api/settings (::1) 93.46ms
2025-02-05 16:28:53 - tornado.access - INFO - 200 GET /plugin/pluginmanager/plugins (::1) 33.04ms
2025-02-05 16:28:53 - tornado.access - INFO - 200 GET /api/files?recursive=true (::1) 43.90ms
2025-02-05 16:28:53 - tornado.access - INFO - 200 GET /api/plugin/file_check (::1) 43.94ms
2025-02-05 16:28:53 - tornado.access - INFO - 200 GET /plugin/softwareupdate/check (::1) 42.33ms
2025-02-05 16:28:53 - tornado.access - INFO - 200 GET /plugin/softwareupdate/updatelog (::1) 26.14ms
2025-02-05 16:28:53 - tornado.access - INFO - 200 GET /api/access/users (::1) 29.30ms
2025-02-05 16:28:53 - tornado.access - INFO - 200 GET /static/img/graph-background.png (::1) 38.89ms
2025-02-05 16:28:53 - tornado.access - INFO - 200 GET /api/printerprofiles/_default (::1) 34.23ms
2025-02-05 16:28:53 - tornado.access - INFO - 200 GET /api/plugin/file_check (::1) 34.65ms
2025-02-05 16:28:53 - tornado.access - INFO - 200 GET /plugin/announcements/channels (::1) 193.69ms
2025-02-05 16:29:00 - tornado.access - INFO - 200 GET /api/system/commands (::1) 28.60ms
2025-02-05 16:29:00 - tornado.access - INFO - 200 GET /api/system/startup (::1) 30.81ms
2025-02-05 16:29:00 - tornado.access - INFO - 200 POST /api/settings (::1) 55.37ms
2025-02-05 16:29:00 - tornado.access - INFO - 200 GET /api/printer/command/custom (::1) 24.34ms
2025-02-05 16:29:00 - tornado.access - INFO - 200 GET /plugin/logging/ (::1) 34.02ms
2025-02-05 16:29:00 - tornado.access - INFO - 200 GET /api/connection (::1) 28.50ms
2025-02-05 16:29:00 - tornado.access - INFO - 304 GET /api/slicing (::1) 2.44ms
2025-02-05 16:29:00 - tornado.access - INFO - 200 GET /api/plugin/file_check (::1) 3.74ms
2025-02-05 16:29:04 - tornado.access - INFO - 200 GET /api/system/commands (::1) 21.56ms
2025-02-05 16:29:04 - tornado.access - INFO - 200 POST /api/settings (::1) 54.31ms
2025-02-05 16:29:04 - tornado.access - INFO - 200 GET /api/system/startup (::1) 23.45ms
2025-02-05 16:29:04 - tornado.access - INFO - 200 GET /api/printer/command/custom (::1) 23.30ms
2025-02-05 16:29:04 - tornado.access - INFO - 200 GET /plugin/logging/ (::1) 26.78ms
2025-02-05 16:29:04 - tornado.access - INFO - 200 GET /api/connection (::1) 27.92ms
2025-02-05 16:29:04 - tornado.access - INFO - 304 GET /api/slicing (::1) 4.67ms
2025-02-05 16:29:04 - tornado.access - INFO - 200 GET /api/plugin/file_check (::1) 3.46ms
2025-02-05 16:29:07 - tornado.access - INFO - 200 GET /api/system/commands (::1) 21.65ms
2025-02-05 16:29:07 - tornado.access - INFO - 200 GET /api/system/startup (::1) 22.68ms
2025-02-05 16:29:07 - tornado.access - INFO - 200 POST /api/settings (::1) 51.70ms
2025-02-05 16:29:07 - tornado.access - INFO - 200 GET /api/printer/command/custom (::1) 23.55ms
2025-02-05 16:29:07 - tornado.access - INFO - 200 GET /plugin/logging/ (::1) 28.17ms
2025-02-05 16:29:07 - tornado.access - INFO - 200 GET /api/connection (::1) 29.31ms
2025-02-05 16:29:07 - tornado.access - INFO - 304 GET /api/slicing (::1) 6.47ms
2025-02-05 16:29:07 - tornado.access - INFO - 200 GET /api/plugin/file_check (::1) 6.16ms
2025-02-05 16:29:07 - tornado.access - INFO - 200 GET /api/system/commands (::1) 28.10ms
2025-02-05 16:29:07 - tornado.access - INFO - 200 GET /api/system/startup (::1) 30.71ms
2025-02-05 16:29:07 - tornado.access - INFO - 200 GET /api/printer/command/custom (::1) 30.70ms
2025-02-05 16:29:07 - tornado.access - INFO - 200 GET /plugin/logging/ (::1) 32.99ms
2025-02-05 16:29:07 - tornado.access - INFO - 200 POST /api/settings (::1) 55.73ms
2025-02-05 16:29:07 - tornado.access - INFO - 304 GET /api/slicing (::1) 3.94ms
2025-02-05 16:29:07 - tornado.access - INFO - 200 GET /api/connection (::1) 35.09ms
2025-02-05 16:29:07 - tornado.access - INFO - 200 GET /api/plugin/file_check (::1) 3.75ms
2025-02-05 16:29:33 - tornado.access - INFO - 200 PATCH /api/printerprofiles/_default (::1) 35.46ms
2025-02-05 16:29:33 - tornado.access - INFO - 200 GET /api/system/startup (::1) 28.81ms
2025-02-05 16:29:33 - tornado.access - INFO - 200 GET /api/system/commands (::1) 35.30ms
2025-02-05 16:29:33 - tornado.access - INFO - 200 GET /plugin/logging/ (::1) 36.26ms
2025-02-05 16:29:33 - tornado.access - INFO - 200 POST /api/settings (::1) 60.97ms
2025-02-05 16:29:33 - tornado.access - INFO - 200 GET /api/printer/command/custom (::1) 15.85ms
2025-02-05 16:29:33 - tornado.access - INFO - 200 GET /api/connection (::1) 38.52ms
2025-02-05 16:29:33 - tornado.access - INFO - 304 GET /api/slicing (::1) 3.52ms
2025-02-05 16:29:33 - tornado.access - INFO - 200 GET /api/printerprofiles (::1) 9.20ms
2025-02-05 16:29:33 - tornado.access - INFO - 200 GET /api/plugin/file_check (::1) 8.37ms
2025-02-05 16:29:33 - tornado.access - INFO - 204 POST /api/setup/wizard (::1) 8.51ms
2025-02-05 16:29:33 - tornado.access - INFO - 304 GET /plugin/softwareupdate/check (::1) 2.39ms
2025-02-05 16:29:43 - tornado.access - INFO - 204 POST /api/connection (::1) 46.51ms
2025-02-05 16:29:43 - tornado.access - INFO - 200 GET /api/printer/error (::1) 39.28ms
2025-02-05 16:29:43 - tornado.access - INFO - 200 GET /api/printerprofiles (::1) 47.82ms
2025-02-05 16:29:43 - tornado.access - INFO - 200 GET /api/settings (::1) 51.35ms
2025-02-05 16:29:43 - tornado.access - INFO - 200 GET /api/connection (::1) 49.76ms
2025-02-05 16:29:43 - tornado.access - INFO - 200 GET /api/plugin/file_check (::1) 4.48ms
2025-02-05 16:29:45 - tornado.access - INFO - 304 GET /api/files?recursive=true (::1) 5.03ms
2025-02-05 16:30:50 - tornado.access - INFO - 200 GET /sockjs/info?t=1738791050775 (::1) 2.98ms
2025-02-05 16:40:34 - tornado.access - INFO - 200 GET /plugin/discovery/discovery.xml (192.168.1.1) 10.04ms
2025-02-05 16:40:34 - tornado.access - INFO - 200 GET /plugin/discovery/discovery.xml (192.168.1.1) 11.41ms
2025-02-05 16:55:56 - tornado.access - INFO - 200 GET /sockjs/info?t=1738792556674 (::1) 1.00ms
2025-02-05 16:55:56 - tornado.access - INFO - 101 GET /sockjs/107/dh35jhbl/websocket (::1) 0.71ms
2025-02-05 16:55:56 - tornado.access - INFO - 200 POST /api/login (::1) 11.29ms
2025-02-05 16:55:56 - tornado.access - WARNING - 403 GET /api/printer/error (::1) 40.22ms
2025-02-05 16:55:56 - tornado.access - WARNING - 403 GET /api/settings (::1) 46.54ms
2025-02-05 16:55:56 - tornado.access - INFO - 302 GET / (::1) 30.84ms
2025-02-05 16:55:56 - tornado.access - INFO - 200 GET /login/?redirect=%2F%3F&permissions=STATUS,SETTINGS_READ (::1) 14.62ms
2025-02-05 16:55:56 - tornado.access - WARNING - 404 GET /static/vendor/font-awesome-5.15.1/css/all.min.css (::1) 4.06ms
2025-02-05 16:55:56 - tornado.access - INFO - 200 GET /static/css/bootstrap-responsive.min.css (::1) 5.86ms
2025-02-05 16:55:56 - tornado.access - INFO - 200 GET /static/css/bootstrap.min.css (::1) 8.63ms
2025-02-05 16:55:56 - tornado.access - WARNING - 404 GET /static/vendor/font-awesome-5.15.1/css/v4-shims.css (::1) 4.50ms
2025-02-05 16:55:56 - tornado.access - INFO - 200 GET /static/css/login.css (::1) 4.78ms
2025-02-05 16:55:56 - tornado.access - INFO - 200 GET /static/js/lib/jquery/jquery.min.js (::1) 9.01ms
2025-02-05 16:55:56 - tornado.access - INFO - 200 GET /static/js/lib/bootstrap/bootstrap.js (::1) 7.51ms
2025-02-05 16:55:56 - tornado.access - INFO - 200 GET /static/js/lib/sockjs.min.js (::1) 7.85ms
2025-02-05 16:55:56 - tornado.access - INFO - 200 GET /static/js/lib/lodash.min.js (::1) 2.87ms
2025-02-05 16:55:56 - tornado.access - INFO - 200 GET /static/webassets/packed_client.js?f9a8f75a (::1) 0.64ms
2025-02-05 16:55:56 - tornado.access - INFO - 200 GET /static/js/login/login.js (::1) 3.69ms
2025-02-05 16:55:56 - tornado.access - INFO - 200 GET /sockjs/info?t=1738792556844 (::1) 0.66ms
2025-02-05 16:55:56 - tornado.access - INFO - 101 GET /sockjs/252/eiiodceq/websocket (::1) 0.31ms
2025-02-05 16:55:56 - tornado.access - INFO - 200 GET /static/img/tentacle-32x32.png (::1) 5.03ms
2025-02-05 16:56:02 - tornado.access - INFO - 200 GET /login/?redirect=%2F%3F&permissions=STATUS,SETTINGS_READ (::1) 16.26ms
2025-02-05 16:56:02 - tornado.access - WARNING - 404 GET /static/vendor/font-awesome-5.15.1/css/all.min.css (::1) 12.42ms
2025-02-05 16:56:02 - tornado.access - WARNING - 404 GET /static/vendor/font-awesome-5.15.1/css/v4-shims.css (::1) 13.02ms
2025-02-05 16:56:02 - tornado.access - INFO - 304 GET /static/css/login.css (::1) 11.48ms
2025-02-05 16:56:02 - tornado.access - INFO - 304 GET /static/css/bootstrap-responsive.min.css (::1) 13.91ms
2025-02-05 16:56:02 - tornado.access - INFO - 304 GET /static/css/bootstrap.min.css (::1) 15.10ms
2025-02-05 16:56:02 - tornado.access - INFO - 304 GET /static/js/lib/jquery/jquery.min.js (::1) 17.13ms
2025-02-05 16:56:02 - tornado.access - INFO - 304 GET /static/webassets/packed_client.js?f9a8f75a (::1) 2.36ms
2025-02-05 16:56:02 - tornado.access - INFO - 304 GET /static/js/lib/sockjs.min.js (::1) 14.57ms
2025-02-05 16:56:02 - tornado.access - INFO - 304 GET /static/js/lib/bootstrap/bootstrap.js (::1) 13.41ms
2025-02-05 16:56:02 - tornado.access - INFO - 304 GET /static/js/login/login.js (::1) 6.11ms
2025-02-05 16:56:02 - tornado.access - INFO - 304 GET /static/js/lib/lodash.min.js (::1) 14.19ms
2025-02-05 16:56:02 - tornado.access - INFO - 200 GET /sockjs/info?t=1738792562749 (::1) 0.32ms
2025-02-05 16:56:02 - tornado.access - INFO - 101 GET /sockjs/613/2ycwrlvm/websocket (::1) 0.36ms
2025-02-05 16:56:02 - tornado.access - INFO - 304 GET /static/img/tentacle-32x32.png (::1) 6.43ms
2025-02-05 16:56:10 - tornado.access - INFO - 200 POST /api/login (::1) 65.42ms
2025-02-05 16:56:10 - tornado.access - INFO - 200 GET /? (::1) 77.51ms
2025-02-05 16:56:10 - tornado.access - INFO - 200 GET /static/webassets/packed_libs.js?409a9b49 (::1) 1.20ms
2025-02-05 16:56:10 - tornado.access - INFO - 200 GET /static/webassets/packed_libs.css?5afd8762 (::1) 4.38ms
2025-02-05 16:56:10 - tornado.access - INFO - 200 GET /static/webassets/packed_core.css?c6d7e09f (::1) 2.45ms
2025-02-05 16:56:11 - tornado.access - INFO - 304 GET /static/webassets/packed_client.js?f9a8f75a (::1) 2.31ms
2025-02-05 16:56:11 - tornado.access - INFO - 200 GET /static/webassets/packed_core.js?c9c8de82 (::1) 1.78ms
2025-02-05 16:56:11 - tornado.access - INFO - 304 GET /static/vendor/fontawesome-6.1.1/webfonts/fa-regular-400.woff2 (::1) 10.45ms
2025-02-05 16:56:11 - tornado.access - INFO - 304 GET /static/vendor/fontawesome-6.1.1/webfonts/fa-brands-400.woff2 (::1) 12.66ms
2025-02-05 16:56:11 - tornado.access - INFO - 304 GET /static/vendor/fontawesome-6.1.1/webfonts/fa-v4compatibility.woff2 (::1) 11.18ms
2025-02-05 16:56:11 - tornado.access - INFO - 304 GET /static/vendor/fontawesome-6.1.1/webfonts/fa-solid-900.woff2 (::1) 8.70ms
2025-02-05 16:56:11 - tornado.access - INFO - 304 GET /static/vendor/font-awesome-3.2.1/fonts/fontawesome-webfont.woff?v=3.2.1 (::1) 11.20ms
2025-02-05 16:56:11 - tornado.access - INFO - 304 GET /static/img/financial-support-64x64.png (::1) 6.43ms
2025-02-05 16:56:11 - tornado.access - INFO - 200 GET /sockjs/info?t=1738792571115 (::1) 0.27ms
2025-02-05 16:56:11 - tornado.access - INFO - 304 GET /static/img/mask-theme.svg (::1) 2.24ms
2025-02-05 16:56:11 - tornado.access - INFO - 101 GET /sockjs/362/scujzou2/websocket (::1) 0.33ms
2025-02-05 16:56:11 - tornado.access - INFO - 304 GET /static/manifest.json (::1) 8.10ms
2025-02-05 16:56:11 - tornado.access - INFO - 200 POST /api/login (::1) 7.92ms
2025-02-05 16:56:11 - tornado.access - INFO - 304 GET /static/img/apple-touch-icon-144x144.png (::1) 2.27ms
2025-02-05 16:56:11 - tornado.access - INFO - 200 GET /api/settings (::1) 34.08ms
2025-02-05 16:56:11 - tornado.access - INFO - 304 GET /plugin/gcodeviewer/static/js/viewer/worker.js (::1) 2.88ms
2025-02-05 16:56:11 - tornado.access - INFO - 200 GET /api/plugin/appkeys (::1) 55.97ms
2025-02-05 16:56:11 - tornado.access - INFO - 200 GET /api/access/groups (::1) 56.55ms
2025-02-05 16:56:11 - tornado.access - INFO - 200 GET /api/system/startup (::1) 57.72ms
2025-02-05 16:56:11 - tornado.access - INFO - 200 GET /api/system/commands (::1) 63.68ms
2025-02-05 16:56:11 - tornado.access - INFO - 200 GET /api/plugin/appkeys?all=true (::1) 61.77ms
2025-02-05 16:56:11 - tornado.access - INFO - 200 GET /plugin/logging/ (::1) 61.78ms
2025-02-05 16:56:11 - tornado.access - INFO - 304 GET /plugin/gcodeviewer/static/js/lib/pako.js (::1) 19.91ms
2025-02-05 16:56:11 - tornado.access - INFO - 200 GET /api/plugin/action_command_notification (::1) 19.32ms
2025-02-05 16:56:11 - tornado.access - INFO - 200 GET /plugin/achievements/ (::1) 33.17ms
2025-02-05 16:56:11 - tornado.access - INFO - 200 GET /api/printer/command/custom (::1) 20.86ms
2025-02-05 16:56:11 - tornado.access - INFO - 200 GET /api/plugin/firmware_check (::1) 17.13ms
2025-02-05 16:56:11 - tornado.access - INFO - 200 GET /api/printer/error (::1) 22.47ms
2025-02-05 16:56:11 - tornado.access - INFO - 200 GET /api/connection (::1) 31.14ms
2025-02-05 16:56:11 - tornado.access - INFO - 200 GET /api/plugin/action_command_prompt (::1) 13.66ms
2025-02-05 16:56:11 - tornado.access - INFO - 200 GET /api/printerprofiles (::1) 39.43ms
2025-02-05 16:56:11 - tornado.access - INFO - 204 POST /api/plugin/tracking (::1) 18.83ms
2025-02-05 16:56:11 - tornado.access - INFO - 200 GET /api/plugin/file_check (::1) 24.28ms
2025-02-05 16:56:11 - tornado.access - INFO - 304 GET /api/slicing (::1) 12.98ms
2025-02-05 16:56:11 - tornado.access - INFO - 200 GET /api/timelapse?unrendered=true (::1) 21.02ms
2025-02-05 16:56:11 - tornado.access - INFO - 304 GET /plugin/softwareupdate/updatelog (::1) 14.99ms
2025-02-05 16:56:11 - tornado.access - INFO - 200 GET /plugin/softwareupdate/check (::1) 19.25ms
2025-02-05 16:56:11 - tornado.access - INFO - 200 GET /api/files?recursive=true (::1) 22.64ms
2025-02-05 16:56:11 - tornado.access - INFO - 304 GET /plugin/pluginmanager/plugins (::1) 15.99ms
2025-02-05 16:56:11 - tornado.access - INFO - 304 GET /static/img/tentacle-20x20@2x.png (::1) 13.70ms
2025-02-05 16:56:11 - tornado.access - INFO - 304 GET /plugin/announcements/channels (::1) 38.08ms
2025-02-05 16:56:11 - tornado.access - INFO - 304 GET /static/img/graph-background.png (::1) 13.06ms
2025-02-05 16:56:11 - tornado.access - INFO - 200 GET /api/access/users (::1) 7.56ms
2025-02-05 16:56:22 - tornado.access - INFO - 204 POST /api/connection (::1) 22.38ms
2025-02-05 16:56:22 - tornado.access - INFO - 200 GET /api/printer/error (::1) 9.97ms
2025-02-05 16:56:22 - tornado.access - INFO - 304 GET /api/settings (::1) 24.31ms
2025-02-05 16:56:22 - tornado.access - INFO - 200 GET /api/printerprofiles (::1) 25.25ms
2025-02-05 16:56:22 - tornado.access - INFO - 200 GET /api/connection (::1) 21.16ms
2025-02-05 16:56:22 - tornado.access - INFO - 200 GET /api/plugin/file_check (::1) 3.95ms
2025-02-05 16:56:24 - tornado.access - INFO - 304 GET /api/files?recursive=true (::1) 6.95ms
2025-02-05 17:00:43 - tornado.access - INFO - 200 GET /api/languages (::1) 18.22ms
2025-02-05 17:00:44 - tornado.access - INFO - 200 GET /api/plugin/appkeys?all=true (::1) 65.78ms
2025-02-05 17:00:44 - tornado.access - INFO - 200 GET /plugin/pluginmanager/repository (::1) 73.22ms
2025-02-05 17:00:44 - tornado.access - INFO - 200 GET /plugin/pluginmanager/orphans (::1) 73.93ms
2025-02-05 17:00:44 - tornado.access - INFO - 304 GET /api/printerprofiles (::1) 74.43ms
2025-02-05 17:00:44 - tornado.access - INFO - 200 GET /plugin/backup/ (::1) 75.85ms
2025-02-05 17:00:44 - tornado.access - INFO - 200 GET /plugin/logging/ (::1) 76.40ms
2025-02-05 17:00:46 - tornado.access - INFO - 304 GET /api/settings (::1) 23.07ms
2025-02-05 17:00:46 - tornado.access - INFO - 200 GET /api/plugin/file_check (::1) 6.84ms
2025-02-05 17:01:20 - tornado.access - INFO - 200 GET /api/access/users (::1) 9.85ms
2025-02-05 17:01:20 - tornado.access - INFO - 200 GET /api/settings (::1) 41.95ms
2025-02-05 17:01:20 - tornado.access - INFO - 200 GET /api/plugin/file_check (::1) 4.43ms
