2025-02-05 16:29:53 - tornado.access - INFO - 200 GET / (::1) 1060.74ms
2025-02-05 16:29:53 - tornado.access - INFO - 200 GET /static/webassets/packed_libs.js?409a9b49 (::1) 3.74ms
2025-02-05 16:29:53 - tornado.access - INFO - 200 GET /static/webassets/packed_libs.css?5afd8762 (::1) 4.42ms
2025-02-05 16:29:53 - tornado.access - INFO - 200 GET /static/webassets/packed_core.css?b7124f37 (::1) 5.44ms
2025-02-05 16:29:53 - tornado.access - INFO - 200 GET /static/webassets/packed_core.js?585c2eb6 (::1) 5.76ms
2025-02-05 16:29:53 - tornado.access - INFO - 200 GET /static/webassets/packed_client.js?f9a8f75a (::1) 2.12ms
2025-02-05 16:29:53 - tornado.access - INFO - 200 GET /static/vendor/fontawesome-6.1.1/webfonts/fa-v4compatibility.woff2 (::1) 7.95ms
2025-02-05 16:29:53 - tornado.access - INFO - 200 GET /static/vendor/fontawesome-6.1.1/webfonts/fa-regular-400.woff2 (::1) 10.12ms
2025-02-05 16:29:53 - tornado.access - INFO - 200 GET /static/img/tentacle-56x56.png (::1) 4.70ms
2025-02-05 16:29:53 - tornado.access - INFO - 200 GET /static/vendor/font-awesome-3.2.1/fonts/fontawesome-webfont.woff?v=3.2.1 (::1) 11.29ms
2025-02-05 16:29:53 - tornado.access - INFO - 200 GET /static/img/financial-support-64x64.png (::1) 7.59ms
2025-02-05 16:29:53 - tornado.access - INFO - 200 GET /i18n/en/messages.js (::1) 37.06ms
2025-02-05 16:29:53 - tornado.access - INFO - 200 GET /static/vendor/fontawesome-6.1.1/webfonts/fa-brands-400.woff2 (::1) 26.68ms
2025-02-05 16:29:53 - tornado.access - INFO - 200 GET /static/vendor/fontawesome-6.1.1/webfonts/fa-solid-900.woff2 (::1) 22.18ms
2025-02-05 16:29:53 - tornado.access - INFO - 200 GET /sockjs/info?t=1738790993308 (::1) 0.33ms
2025-02-05 16:29:53 - tornado.access - INFO - 200 GET /static/img/mask-theme.svg (::1) 2.70ms
2025-02-05 16:29:53 - tornado.access - INFO - 101 GET /sockjs/647/evcdoba2/websocket (::1) 0.45ms
2025-02-05 16:29:53 - tornado.access - INFO - 200 GET /static/manifest.json (::1) 6.59ms
2025-02-05 16:29:53 - tornado.access - INFO - 200 POST /api/login (::1) 4.91ms
2025-02-05 16:29:53 - tornado.access - INFO - 200 GET /static/img/apple-touch-icon-144x144.png (::1) 29.76ms
2025-02-05 16:29:53 - tornado.access - INFO - 200 GET /api/settings (::1) 33.78ms
2025-02-05 16:29:53 - tornado.access - INFO - 200 GET /plugin/gcodeviewer/static/js/viewer/worker.js (::1) 4.72ms
2025-02-05 16:29:53 - tornado.access - WARNING - 403 GET /api/printer/error (::1) 5.77ms
2025-02-05 16:29:53 - tornado.access - WARNING - 403 POST /api/plugin/tracking (::1) 15.35ms
2025-02-05 16:29:53 - tornado.access - INFO - 200 GET /api/setup/wizard (::1) 16.33ms
2025-02-05 16:29:53 - tornado.access - INFO - 200 GET /static/img/tentacle-20x20@2x.png (::1) 17.64ms
2025-02-05 16:29:53 - tornado.access - WARNING - 403 GET /api/printerprofiles/_default (::1) 4.46ms
2025-02-05 16:29:53 - tornado.access - INFO - 200 GET /plugin/gcodeviewer/static/js/lib/pako.js (::1) 13.55ms
2025-02-05 16:30:21 - tornado.access - INFO - 204 POST /plugin/corewizard/acl (::1) 70.24ms
2025-02-05 16:30:21 - tornado.access - INFO - 200 POST /api/login (::1) 55.07ms
2025-02-05 16:30:21 - tornado.access - INFO - 200 GET /api/plugin/appkeys (::1) 65.32ms
2025-02-05 16:30:21 - tornado.access - INFO - 200 GET /api/access/groups (::1) 65.34ms
2025-02-05 16:30:21 - tornado.access - INFO - 200 GET /api/system/startup (::1) 64.77ms
2025-02-05 16:30:21 - tornado.access - INFO - 200 GET /api/system/commands (::1) 72.89ms
2025-02-05 16:30:21 - tornado.access - INFO - 200 GET /api/plugin/appkeys?all=true (::1) 72.65ms
2025-02-05 16:30:21 - tornado.access - INFO - 200 GET /plugin/logging/ (::1) 25.38ms
2025-02-05 16:30:21 - tornado.access - INFO - 200 GET /api/printerprofiles (::1) 92.94ms
2025-02-05 16:30:21 - tornado.access - INFO - 200 GET /api/plugin/action_command_notification (::1) 20.32ms
2025-02-05 16:30:21 - tornado.access - INFO - 200 GET /api/setup/wizard (::1) 27.25ms
2025-02-05 16:30:21 - tornado.access - INFO - 200 GET /plugin/achievements/ (::1) 33.39ms
2025-02-05 16:30:21 - tornado.access - INFO - 200 GET /api/timelapse?unrendered=true (::1) 55.16ms
2025-02-05 16:30:21 - tornado.access - INFO - 200 GET /api/connection (::1) 35.30ms
2025-02-05 16:30:21 - tornado.access - INFO - 200 GET /api/printer/command/custom (::1) 26.05ms
2025-02-05 16:30:21 - tornado.access - INFO - 200 GET /api/printer/error (::1) 20.93ms
2025-02-05 16:30:21 - tornado.access - INFO - 200 GET /api/slicing (::1) 17.67ms
2025-02-05 16:30:21 - tornado.access - INFO - 200 GET /api/plugin/firmware_check (::1) 17.08ms
2025-02-05 16:30:21 - tornado.access - INFO - 200 GET /api/files?recursive=true (::1) 26.75ms
2025-02-05 16:30:21 - tornado.access - INFO - 200 GET /plugin/pluginmanager/plugins (::1) 28.11ms
2025-02-05 16:30:21 - tornado.access - INFO - 200 GET /api/plugin/file_check (::1) 30.43ms
2025-02-05 16:30:21 - tornado.access - INFO - 200 GET /plugin/softwareupdate/updatelog (::1) 16.11ms
2025-02-05 16:30:21 - tornado.access - INFO - 200 GET /plugin/softwareupdate/check (::1) 25.56ms
2025-02-05 16:30:21 - tornado.access - INFO - 200 GET /api/access/users (::1) 22.35ms
2025-02-05 16:30:21 - tornado.access - INFO - 200 GET /api/printerprofiles/_default (::1) 46.94ms
2025-02-05 16:30:21 - tornado.access - INFO - 200 GET /api/settings (::1) 50.05ms
2025-02-05 16:30:21 - tornado.access - INFO - 200 GET /static/img/graph-background.png (::1) 54.31ms
2025-02-05 16:30:21 - tornado.access - INFO - 200 GET /api/plugin/file_check (::1) 6.43ms
2025-02-05 16:30:21 - tornado.access - INFO - 200 GET /plugin/announcements/channels (::1) 144.13ms
2025-02-05 16:30:30 - tornado.access - INFO - 200 GET /api/system/commands (::1) 31.95ms
2025-02-05 16:30:30 - tornado.access - INFO - 200 GET /api/system/startup (::1) 43.24ms
2025-02-05 16:30:30 - tornado.access - INFO - 200 GET /api/printer/command/custom (::1) 42.47ms
2025-02-05 16:30:30 - tornado.access - INFO - 200 GET /plugin/logging/ (::1) 43.84ms
2025-02-05 16:30:30 - tornado.access - INFO - 200 POST /api/settings (::1) 88.49ms
2025-02-05 16:30:30 - tornado.access - INFO - 304 GET /api/slicing (::1) 4.78ms
2025-02-05 16:30:30 - tornado.access - INFO - 200 GET /api/connection (::1) 49.14ms
2025-02-05 16:30:30 - tornado.access - INFO - 200 GET /api/plugin/file_check (::1) 3.56ms
2025-02-05 16:30:32 - tornado.access - INFO - 200 GET /api/system/startup (::1) 38.29ms
2025-02-05 16:30:32 - tornado.access - INFO - 200 GET /api/printer/command/custom (::1) 41.36ms
2025-02-05 16:30:32 - tornado.access - INFO - 200 GET /api/system/commands (::1) 43.23ms
2025-02-05 16:30:32 - tornado.access - INFO - 200 GET /plugin/logging/ (::1) 43.52ms
2025-02-05 16:30:32 - tornado.access - INFO - 200 POST /api/settings (::1) 86.53ms
2025-02-05 16:30:32 - tornado.access - INFO - 304 GET /api/slicing (::1) 4.02ms
2025-02-05 16:30:32 - tornado.access - INFO - 200 GET /api/connection (::1) 47.33ms
2025-02-05 16:30:32 - tornado.access - INFO - 200 GET /api/plugin/file_check (::1) 9.75ms
2025-02-05 16:30:34 - tornado.access - INFO - 200 GET /api/system/startup (::1) 32.62ms
2025-02-05 16:30:34 - tornado.access - INFO - 200 GET /api/system/commands (::1) 41.00ms
2025-02-05 16:30:34 - tornado.access - INFO - 200 GET /api/printer/command/custom (::1) 43.54ms
2025-02-05 16:30:34 - tornado.access - INFO - 200 GET /plugin/logging/ (::1) 47.58ms
2025-02-05 16:30:34 - tornado.access - INFO - 200 POST /api/settings (::1) 89.46ms
2025-02-05 16:30:34 - tornado.access - INFO - 304 GET /api/slicing (::1) 3.96ms
2025-02-05 16:30:34 - tornado.access - INFO - 200 GET /api/connection (::1) 48.46ms
2025-02-05 16:30:34 - tornado.access - INFO - 200 GET /api/plugin/file_check (::1) 4.16ms
2025-02-05 16:30:47 - tornado.access - INFO - 200 PATCH /api/printerprofiles/_default (::1) 69.56ms
2025-02-05 16:30:47 - tornado.access - INFO - 200 GET /api/system/startup (::1) 24.08ms
2025-02-05 16:30:47 - tornado.access - INFO - 200 GET /api/system/commands (::1) 35.53ms
2025-02-05 16:30:47 - tornado.access - INFO - 200 GET /plugin/logging/ (::1) 36.71ms
2025-02-05 16:30:47 - tornado.access - INFO - 200 POST /api/settings (::1) 85.85ms
2025-02-05 16:30:47 - tornado.access - INFO - 200 GET /api/connection (::1) 42.38ms
2025-02-05 16:30:47 - tornado.access - INFO - 304 GET /api/slicing (::1) 11.09ms
2025-02-05 16:30:47 - tornado.access - INFO - 200 GET /api/printer/command/custom (::1) 13.07ms
2025-02-05 16:30:47 - tornado.access - INFO - 200 GET /api/printerprofiles (::1) 19.14ms
2025-02-05 16:30:47 - tornado.access - INFO - 200 GET /api/plugin/file_check (::1) 10.94ms
2025-02-05 16:30:47 - tornado.access - INFO - 204 POST /api/setup/wizard (::1) 10.46ms
2025-02-05 16:30:47 - tornado.access - INFO - 304 GET /plugin/softwareupdate/check (::1) 3.24ms
2025-02-05 16:35:22 - tornado.access - INFO - 302 GET / (::1) 12.38ms
2025-02-05 16:35:22 - tornado.access - INFO - 302 GET /login/?redirect=%2F%3F&permissions=STATUS,SETTINGS_READ (::1) 8.28ms
2025-02-05 16:35:22 - tornado.access - INFO - 200 GET /? (::1) 18.26ms
2025-02-05 16:35:22 - tornado.access - INFO - 200 GET /static/webassets/packed_core.js?c9c8de82 (::1) 1.90ms
2025-02-05 16:35:22 - tornado.access - INFO - 200 GET /static/webassets/packed_core.css?c6d7e09f (::1) 1.87ms
2025-02-05 16:35:22 - tornado.access - INFO - 200 GET /static/webassets/packed_libs.css?5afd8762 (::1) 3.34ms
2025-02-05 16:35:22 - tornado.access - INFO - 200 GET /static/webassets/packed_libs.js?409a9b49 (::1) 7.58ms
2025-02-05 16:35:22 - tornado.access - INFO - 200 GET /static/webassets/packed_client.js?f9a8f75a (::1) 9.70ms
2025-02-05 16:35:22 - tornado.access - INFO - 304 GET /static/vendor/fontawesome-6.1.1/webfonts/fa-brands-400.woff2 (::1) 24.67ms
2025-02-05 16:35:22 - tornado.access - INFO - 304 GET /static/vendor/fontawesome-6.1.1/webfonts/fa-regular-400.woff2 (::1) 24.10ms
2025-02-05 16:35:22 - tornado.access - INFO - 304 GET /static/vendor/fontawesome-6.1.1/webfonts/fa-solid-900.woff2 (::1) 12.89ms
2025-02-05 16:35:22 - tornado.access - INFO - 304 GET /static/vendor/fontawesome-6.1.1/webfonts/fa-v4compatibility.woff2 (::1) 12.43ms
2025-02-05 16:35:22 - tornado.access - INFO - 304 GET /static/vendor/font-awesome-3.2.1/fonts/fontawesome-webfont.woff?v=3.2.1 (::1) 9.84ms
2025-02-05 16:35:22 - tornado.access - INFO - 304 GET /static/img/financial-support-64x64.png (::1) 12.62ms
2025-02-05 16:35:22 - tornado.access - INFO - 304 GET /static/img/mask-theme.svg (::1) 3.05ms
2025-02-05 16:35:22 - tornado.access - INFO - 200 GET /sockjs/info?t=1738791322715 (::1) 0.52ms
2025-02-05 16:35:22 - tornado.access - INFO - 101 GET /sockjs/753/xzeqnp4w/websocket (::1) 0.40ms
2025-02-05 16:35:22 - tornado.access - INFO - 304 GET /static/manifest.json (::1) 1.93ms
2025-02-05 16:35:22 - tornado.access - INFO - 200 POST /api/login (::1) 7.73ms
2025-02-05 16:35:22 - tornado.access - INFO - 304 GET /static/img/apple-touch-icon-144x144.png (::1) 3.79ms
2025-02-05 16:35:22 - tornado.access - INFO - 200 GET /api/settings (::1) 29.34ms
2025-02-05 16:35:22 - tornado.access - INFO - 304 GET /plugin/gcodeviewer/static/js/viewer/worker.js (::1) 2.77ms
2025-02-05 16:35:22 - tornado.access - INFO - 200 GET /api/plugin/appkeys (::1) 11.44ms
2025-02-05 16:35:22 - tornado.access - INFO - 200 GET /api/access/groups (::1) 24.96ms
2025-02-05 16:35:22 - tornado.access - INFO - 200 GET /api/plugin/appkeys?all=true (::1) 25.20ms
2025-02-05 16:35:22 - tornado.access - INFO - 200 GET /api/system/startup (::1) 29.57ms
2025-02-05 16:35:22 - tornado.access - INFO - 200 GET /api/system/commands (::1) 31.69ms
2025-02-05 16:35:22 - tornado.access - INFO - 200 GET /plugin/logging/ (::1) 40.10ms
2025-02-05 16:35:22 - tornado.access - INFO - 200 GET /api/plugin/action_command_notification (::1) 45.88ms
2025-02-05 16:35:22 - tornado.access - INFO - 200 GET /plugin/achievements/ (::1) 49.32ms
2025-02-05 16:35:22 - tornado.access - INFO - 304 GET /plugin/gcodeviewer/static/js/lib/pako.js (::1) 32.14ms
2025-02-05 16:35:22 - tornado.access - INFO - 200 GET /api/printer/command/custom (::1) 40.10ms
2025-02-05 16:35:22 - tornado.access - INFO - 200 GET /api/printer/error (::1) 40.71ms
2025-02-05 16:35:22 - tornado.access - INFO - 200 GET /api/plugin/firmware_check (::1) 18.67ms
2025-02-05 16:35:22 - tornado.access - INFO - 200 GET /api/connection (::1) 52.79ms
2025-02-05 16:35:22 - tornado.access - INFO - 200 GET /api/printerprofiles (::1) 53.41ms
2025-02-05 16:35:22 - tornado.access - INFO - 200 GET /api/plugin/file_check (::1) 25.44ms
2025-02-05 16:35:22 - tornado.access - INFO - 204 POST /api/plugin/tracking (::1) 24.35ms
2025-02-05 16:35:23 - tornado.access - INFO - 200 GET /api/plugin/action_command_prompt (::1) 29.91ms
2025-02-05 16:35:23 - tornado.access - INFO - 304 GET /api/slicing (::1) 20.82ms
2025-02-05 16:35:23 - tornado.access - INFO - 200 GET /api/timelapse?unrendered=true (::1) 38.86ms
2025-02-05 16:35:23 - tornado.access - INFO - 304 GET /plugin/pluginmanager/plugins (::1) 26.03ms
2025-02-05 16:35:23 - tornado.access - INFO - 304 GET /plugin/softwareupdate/updatelog (::1) 18.96ms
2025-02-05 16:35:23 - tornado.access - INFO - 200 GET /plugin/softwareupdate/check (::1) 30.46ms
2025-02-05 16:35:23 - tornado.access - INFO - 200 GET /api/files?recursive=true (::1) 43.65ms
2025-02-05 16:35:23 - tornado.access - INFO - 304 GET /static/img/graph-background.png (::1) 12.15ms
2025-02-05 16:35:23 - tornado.access - INFO - 304 GET /static/img/tentacle-20x20@2x.png (::1) 14.63ms
2025-02-05 16:35:23 - tornado.access - INFO - 200 GET /api/access/users (::1) 13.13ms
2025-02-05 16:35:23 - tornado.access - INFO - 200 GET /plugin/announcements/channels (::1) 54.93ms
2025-02-05 16:39:36 - tornado.access - INFO - 200 GET /sockjs/info?t=1738791576594 (::1) 0.94ms
2025-02-05 16:39:36 - tornado.access - INFO - 101 GET /sockjs/700/ej2xgnxt/websocket (::1) 0.85ms
2025-02-05 16:39:36 - tornado.access - INFO - 200 POST /api/login (::1) 12.94ms
2025-02-05 16:39:36 - tornado.access - INFO - 200 GET /api/access/groups (::1) 30.04ms
2025-02-05 16:39:36 - tornado.access - INFO - 200 GET /api/printer/command/custom (::1) 23.97ms
2025-02-05 16:39:36 - tornado.access - INFO - 200 GET /api/printer/error (::1) 26.20ms
2025-02-05 16:39:36 - tornado.access - INFO - 200 GET /api/system/commands (::1) 28.62ms
2025-02-05 16:39:36 - tornado.access - INFO - 200 GET /api/system/startup (::1) 30.96ms
2025-02-05 16:39:36 - tornado.access - INFO - 200 GET /api/connection (::1) 47.92ms
2025-02-05 16:39:36 - tornado.access - INFO - 200 GET /api/printerprofiles (::1) 38.16ms
2025-02-05 16:39:36 - tornado.access - INFO - 304 GET /api/settings (::1) 33.89ms
2025-02-05 16:39:36 - tornado.access - INFO - 200 GET /api/plugin/firmware_check (::1) 36.66ms
2025-02-05 16:39:36 - tornado.access - INFO - 304 GET /api/slicing (::1) 10.67ms
2025-02-05 16:39:36 - tornado.access - INFO - 200 GET /api/timelapse?unrendered=true (::1) 36.69ms
2025-02-05 16:39:36 - tornado.access - INFO - 200 GET /api/files?recursive=true (::1) 18.40ms
2025-02-05 16:39:36 - tornado.access - INFO - 304 GET /plugin/pluginmanager/plugins (::1) 14.69ms
2025-02-05 16:39:36 - tornado.access - INFO - 200 GET /plugin/softwareupdate/check (::1) 15.80ms
2025-02-05 16:39:36 - tornado.access - INFO - 304 GET /plugin/softwareupdate/updatelog (::1) 12.39ms
2025-02-05 16:39:36 - tornado.access - INFO - 304 GET /plugin/announcements/channels (::1) 51.62ms
2025-02-05 16:39:36 - tornado.access - INFO - 200 GET /plugin/logging/ (::1) 16.91ms
2025-02-05 16:39:36 - tornado.access - INFO - 200 GET /api/access/users (::1) 13.68ms
2025-02-05 16:39:36 - tornado.access - INFO - 304 GET /api/timelapse?unrendered=true (::1) 6.99ms
2025-02-05 16:39:36 - tornado.access - INFO - 200 GET /plugin/achievements/ (::1) 17.30ms
2025-02-05 16:39:36 - tornado.access - INFO - 200 GET /api/plugin/file_check (::1) 9.10ms
2025-02-05 16:39:42 - tornado.access - INFO - 200 GET /? (::1) 31.20ms
2025-02-05 16:39:42 - tornado.access - INFO - 200 GET /static/webassets/packed_core.css?c6d7e09f (::1) 5.89ms
2025-02-05 16:39:42 - tornado.access - INFO - 200 GET /static/webassets/packed_client.js?f9a8f75a (::1) 1.43ms
2025-02-05 16:39:42 - tornado.access - INFO - 200 GET /static/webassets/packed_core.js?c9c8de82 (::1) 2.82ms
2025-02-05 16:39:42 - tornado.access - INFO - 200 GET /static/webassets/packed_libs.css?5afd8762 (::1) 5.14ms
2025-02-05 16:39:42 - tornado.access - INFO - 200 GET /static/webassets/packed_libs.js?409a9b49 (::1) 4.11ms
2025-02-05 16:39:42 - tornado.access - INFO - 304 GET /static/vendor/fontawesome-6.1.1/webfonts/fa-regular-400.woff2 (::1) 22.97ms
2025-02-05 16:39:42 - tornado.access - INFO - 304 GET /static/vendor/fontawesome-6.1.1/webfonts/fa-solid-900.woff2 (::1) 18.69ms
2025-02-05 16:39:42 - tornado.access - INFO - 304 GET /static/vendor/fontawesome-6.1.1/webfonts/fa-v4compatibility.woff2 (::1) 18.69ms
2025-02-05 16:39:42 - tornado.access - INFO - 304 GET /static/vendor/fontawesome-6.1.1/webfonts/fa-brands-400.woff2 (::1) 20.69ms
2025-02-05 16:39:42 - tornado.access - INFO - 304 GET /static/vendor/font-awesome-3.2.1/fonts/fontawesome-webfont.woff?v=3.2.1 (::1) 15.79ms
2025-02-05 16:39:42 - tornado.access - INFO - 304 GET /static/img/financial-support-64x64.png (::1) 9.29ms
2025-02-05 16:39:42 - tornado.access - INFO - 200 GET /sockjs/info?t=1738791582702 (::1) 0.38ms
2025-02-05 16:39:42 - tornado.access - INFO - 304 GET /static/img/mask-theme.svg (::1) 2.33ms
2025-02-05 16:39:42 - tornado.access - INFO - 101 GET /sockjs/823/552ygo1v/websocket (::1) 1.07ms
2025-02-05 16:39:42 - tornado.access - INFO - 304 GET /static/manifest.json (::1) 7.18ms
2025-02-05 16:39:42 - tornado.access - INFO - 200 POST /api/login (::1) 8.57ms
2025-02-05 16:39:42 - tornado.access - INFO - 304 GET /static/img/apple-touch-icon-144x144.png (::1) 3.10ms
2025-02-05 16:39:42 - tornado.access - INFO - 304 GET /api/settings (::1) 10.36ms
2025-02-05 16:39:42 - tornado.access - INFO - 304 GET /plugin/gcodeviewer/static/js/viewer/worker.js (::1) 3.04ms
2025-02-05 16:39:42 - tornado.access - INFO - 200 GET /api/plugin/appkeys (::1) 28.40ms
2025-02-05 16:39:42 - tornado.access - INFO - 200 GET /api/access/groups (::1) 38.32ms
2025-02-05 16:39:42 - tornado.access - INFO - 304 GET /api/printerprofiles (::1) 37.91ms
2025-02-05 16:39:42 - tornado.access - INFO - 200 GET /api/system/startup (::1) 44.68ms
2025-02-05 16:39:42 - tornado.access - INFO - 200 GET /api/system/commands (::1) 47.32ms
2025-02-05 16:39:42 - tornado.access - INFO - 200 GET /api/plugin/appkeys?all=true (::1) 48.85ms
2025-02-05 16:39:42 - tornado.access - INFO - 304 GET /plugin/gcodeviewer/static/js/lib/pako.js (::1) 19.39ms
2025-02-05 16:39:42 - tornado.access - INFO - 200 GET /plugin/logging/ (::1) 32.45ms
2025-02-05 16:39:42 - tornado.access - INFO - 200 GET /api/plugin/action_command_notification (::1) 23.71ms
2025-02-05 16:39:42 - tornado.access - INFO - 200 GET /api/printer/command/custom (::1) 29.13ms
2025-02-05 16:39:42 - tornado.access - INFO - 200 GET /api/printer/error (::1) 29.24ms
2025-02-05 16:39:42 - tornado.access - INFO - 200 GET /plugin/achievements/ (::1) 35.45ms
2025-02-05 16:39:42 - tornado.access - INFO - 200 GET /api/plugin/firmware_check (::1) 29.00ms
2025-02-05 16:39:42 - tornado.access - INFO - 200 GET /api/connection (::1) 41.00ms
2025-02-05 16:39:42 - tornado.access - INFO - 200 GET /api/plugin/file_check (::1) 20.91ms
2025-02-05 16:39:42 - tornado.access - INFO - 200 GET /api/plugin/action_command_prompt (::1) 16.42ms
2025-02-05 16:39:42 - tornado.access - INFO - 304 GET /api/timelapse?unrendered=true (::1) 14.91ms
2025-02-05 16:39:42 - tornado.access - INFO - 204 POST /api/plugin/tracking (::1) 18.19ms
2025-02-05 16:39:42 - tornado.access - INFO - 304 GET /api/files?recursive=true (::1) 18.20ms
2025-02-05 16:39:42 - tornado.access - INFO - 304 GET /api/slicing (::1) 14.42ms
2025-02-05 16:39:42 - tornado.access - INFO - 304 GET /plugin/pluginmanager/plugins (::1) 15.86ms
2025-02-05 16:39:42 - tornado.access - INFO - 304 GET /plugin/softwareupdate/updatelog (::1) 16.97ms
2025-02-05 16:39:42 - tornado.access - INFO - 304 GET /plugin/softwareupdate/check (::1) 20.46ms
2025-02-05 16:39:42 - tornado.access - INFO - 304 GET /static/img/graph-background.png (::1) 14.78ms
2025-02-05 16:39:42 - tornado.access - INFO - 304 GET /plugin/announcements/channels (::1) 35.94ms
2025-02-05 16:39:42 - tornado.access - INFO - 304 GET /static/img/tentacle-20x20@2x.png (::1) 15.05ms
2025-02-05 16:39:42 - tornado.access - INFO - 200 GET /api/access/users (::1) 10.22ms
2025-02-05 16:42:16 - tornado.access - INFO - 200 GET /sockjs/info?t=1738791736589 (::1) 0.83ms
2025-02-05 16:42:16 - tornado.access - INFO - 101 GET /sockjs/737/rxfsa0pk/websocket (::1) 0.60ms
2025-02-05 16:42:16 - tornado.access - INFO - 200 POST /api/login (::1) 8.69ms
2025-02-05 16:42:16 - tornado.access - INFO - 200 GET /api/plugin/appkeys (::1) 32.24ms
2025-02-05 16:42:16 - tornado.access - INFO - 200 GET /api/access/groups (::1) 31.01ms
2025-02-05 16:42:16 - tornado.access - INFO - 200 GET /api/system/commands (::1) 31.48ms
2025-02-05 16:42:16 - tornado.access - INFO - 200 GET /api/system/startup (::1) 27.67ms
2025-02-05 16:42:16 - tornado.access - INFO - 200 GET /api/plugin/appkeys?all=true (::1) 37.75ms
2025-02-05 16:42:16 - tornado.access - INFO - 200 GET /api/printerprofiles (::1) 49.99ms
2025-02-05 16:42:16 - tornado.access - INFO - 200 GET /plugin/logging/ (::1) 26.68ms
2025-02-05 16:42:16 - tornado.access - INFO - 200 GET /api/plugin/action_command_notification (::1) 13.53ms
2025-02-05 16:42:16 - tornado.access - INFO - 200 GET /api/setup/wizard (::1) 34.34ms
2025-02-05 16:42:16 - tornado.access - INFO - 200 GET /plugin/achievements/ (::1) 32.05ms
2025-02-05 16:42:16 - tornado.access - INFO - 200 GET /api/connection (::1) 21.86ms
2025-02-05 16:42:16 - tornado.access - INFO - 200 GET /api/printer/error (::1) 14.61ms
2025-02-05 16:42:16 - tornado.access - INFO - 200 GET /api/printer/command/custom (::1) 20.90ms
2025-02-05 16:42:16 - tornado.access - INFO - 200 GET /api/plugin/firmware_check (::1) 23.41ms
2025-02-05 16:42:16 - tornado.access - INFO - 200 GET /api/plugin/file_check (::1) 36.82ms
2025-02-05 16:42:16 - tornado.access - INFO - 304 GET /api/slicing (::1) 21.89ms
2025-02-05 16:42:16 - tornado.access - INFO - 200 GET /api/timelapse?unrendered=true (::1) 32.65ms
2025-02-05 16:42:16 - tornado.access - INFO - 200 GET /api/settings (::1) 46.56ms
2025-02-05 16:42:16 - tornado.access - INFO - 200 GET /api/files?recursive=true (::1) 24.10ms
2025-02-05 16:42:16 - tornado.access - INFO - 200 GET /plugin/softwareupdate/check (::1) 17.79ms
2025-02-05 16:42:16 - tornado.access - INFO - 304 GET /plugin/announcements/channels (::1) 39.21ms
2025-02-05 16:42:16 - tornado.access - INFO - 304 GET /plugin/softwareupdate/updatelog (::1) 14.93ms
2025-02-05 16:42:16 - tornado.access - INFO - 304 GET /plugin/pluginmanager/plugins (::1) 12.01ms
2025-02-05 16:42:16 - tornado.access - INFO - 304 GET /static/img/graph-background.png (::1) 14.44ms
2025-02-05 16:42:16 - tornado.access - INFO - 200 GET /api/access/users (::1) 18.62ms
2025-02-05 16:42:16 - tornado.access - INFO - 304 GET /api/timelapse?unrendered=true (::1) 14.81ms
2025-02-05 16:42:16 - tornado.access - INFO - 200 GET /plugin/logging/ (::1) 18.61ms
2025-02-05 16:42:16 - tornado.access - INFO - 200 GET /plugin/achievements/ (::1) 19.47ms
2025-02-05 16:42:16 - tornado.access - INFO - 200 GET /api/plugin/file_check (::1) 9.77ms
2025-02-05 16:42:16 - tornado.access - INFO - 200 GET /api/printerprofiles/_default (::1) 20.71ms
2025-02-05 16:42:40 - tornado.access - INFO - 200 GET /? (::1) 17.74ms
2025-02-05 16:42:40 - tornado.access - INFO - 200 GET /static/webassets/packed_libs.css?5afd8762 (::1) 1.52ms
2025-02-05 16:42:40 - tornado.access - INFO - 200 GET /static/webassets/packed_core.css?c6d7e09f (::1) 1.58ms
2025-02-05 16:42:40 - tornado.access - INFO - 200 GET /static/webassets/packed_client.js?f9a8f75a (::1) 1.75ms
2025-02-05 16:42:40 - tornado.access - INFO - 200 GET /static/webassets/packed_core.js?c9c8de82 (::1) 4.65ms
2025-02-05 16:42:40 - tornado.access - INFO - 200 GET /static/webassets/packed_libs.js?409a9b49 (::1) 3.28ms
2025-02-05 16:42:40 - tornado.access - INFO - 304 GET /static/vendor/fontawesome-6.1.1/webfonts/fa-brands-400.woff2 (::1) 12.94ms
2025-02-05 16:42:40 - tornado.access - INFO - 304 GET /static/vendor/fontawesome-6.1.1/webfonts/fa-regular-400.woff2 (::1) 8.92ms
2025-02-05 16:42:40 - tornado.access - INFO - 304 GET /static/vendor/fontawesome-6.1.1/webfonts/fa-solid-900.woff2 (::1) 10.40ms
2025-02-05 16:42:40 - tornado.access - INFO - 304 GET /static/vendor/fontawesome-6.1.1/webfonts/fa-v4compatibility.woff2 (::1) 11.74ms
2025-02-05 16:42:40 - tornado.access - INFO - 304 GET /static/vendor/font-awesome-3.2.1/fonts/fontawesome-webfont.woff?v=3.2.1 (::1) 11.01ms
2025-02-05 16:42:40 - tornado.access - INFO - 304 GET /static/img/financial-support-64x64.png (::1) 5.56ms
2025-02-05 16:42:40 - tornado.access - INFO - 200 GET /sockjs/info?t=1738791760325 (::1) 1.04ms
2025-02-05 16:42:40 - tornado.access - INFO - 101 GET /sockjs/678/aleheebd/websocket (::1) 0.25ms
2025-02-05 16:42:40 - tornado.access - INFO - 304 GET /static/img/mask-theme.svg (::1) 5.02ms
2025-02-05 16:42:40 - tornado.access - INFO - 200 POST /api/login (::1) 10.72ms
2025-02-05 16:42:40 - tornado.access - INFO - 304 GET /static/manifest.json (::1) 2.79ms
2025-02-05 16:42:40 - tornado.access - INFO - 304 GET /static/img/apple-touch-icon-144x144.png (::1) 9.93ms
2025-02-05 16:42:40 - tornado.access - INFO - 304 GET /api/settings (::1) 10.67ms
2025-02-05 16:42:40 - tornado.access - INFO - 304 GET /plugin/gcodeviewer/static/js/viewer/worker.js (::1) 2.51ms
2025-02-05 16:42:40 - tornado.access - INFO - 200 GET /api/plugin/appkeys (::1) 17.45ms
2025-02-05 16:42:40 - tornado.access - INFO - 200 GET /api/access/groups (::1) 35.08ms
2025-02-05 16:42:40 - tornado.access - INFO - 200 GET /api/plugin/appkeys?all=true (::1) 36.34ms
2025-02-05 16:42:40 - tornado.access - INFO - 200 GET /api/system/commands (::1) 42.28ms
2025-02-05 16:42:40 - tornado.access - INFO - 200 GET /api/system/startup (::1) 42.94ms
2025-02-05 16:42:40 - tornado.access - INFO - 304 GET /api/printerprofiles (::1) 47.41ms
2025-02-05 16:42:40 - tornado.access - INFO - 200 GET /plugin/logging/ (::1) 30.89ms
2025-02-05 16:42:40 - tornado.access - INFO - 304 GET /plugin/gcodeviewer/static/js/lib/pako.js (::1) 18.51ms
2025-02-05 16:42:40 - tornado.access - INFO - 200 GET /api/plugin/action_command_notification (::1) 19.75ms
2025-02-05 16:42:40 - tornado.access - INFO - 200 GET /plugin/achievements/ (::1) 24.30ms
2025-02-05 16:42:40 - tornado.access - INFO - 200 GET /api/printer/command/custom (::1) 24.76ms
2025-02-05 16:42:40 - tornado.access - INFO - 200 GET /api/plugin/firmware_check (::1) 19.07ms
2025-02-05 16:42:40 - tornado.access - INFO - 200 GET /api/printer/error (::1) 26.12ms
2025-02-05 16:42:40 - tornado.access - INFO - 200 GET /api/plugin/file_check (::1) 30.92ms
2025-02-05 16:42:40 - tornado.access - INFO - 204 POST /api/plugin/tracking (::1) 19.39ms
2025-02-05 16:42:40 - tornado.access - INFO - 200 GET /api/plugin/action_command_prompt (::1) 22.13ms
2025-02-05 16:42:40 - tornado.access - INFO - 200 GET /api/connection (::1) 45.41ms
2025-02-05 16:42:40 - tornado.access - INFO - 304 GET /api/timelapse?unrendered=true (::1) 19.39ms
2025-02-05 16:42:40 - tornado.access - INFO - 304 GET /api/slicing (::1) 16.61ms
2025-02-05 16:42:40 - tornado.access - INFO - 304 GET /api/files?recursive=true (::1) 23.33ms
2025-02-05 16:42:40 - tornado.access - INFO - 304 GET /plugin/pluginmanager/plugins (::1) 21.21ms
2025-02-05 16:42:40 - tornado.access - INFO - 304 GET /plugin/softwareupdate/updatelog (::1) 19.79ms
2025-02-05 16:42:40 - tornado.access - INFO - 304 GET /plugin/softwareupdate/check (::1) 18.34ms
2025-02-05 16:42:40 - tornado.access - INFO - 304 GET /static/img/graph-background.png (::1) 17.54ms
2025-02-05 16:42:40 - tornado.access - INFO - 304 GET /plugin/announcements/channels (::1) 33.74ms
2025-02-05 16:42:40 - tornado.access - INFO - 304 GET /static/img/tentacle-20x20@2x.png (::1) 6.86ms
2025-02-05 16:42:40 - tornado.access - INFO - 200 GET /api/access/users (::1) 4.65ms
2025-02-05 16:42:43 - tornado.access - INFO - 200 GET /? (::1) 19.10ms
2025-02-05 16:42:43 - tornado.access - INFO - 304 GET /static/webassets/packed_libs.js?409a9b49 (::1) 0.96ms
2025-02-05 16:42:43 - tornado.access - INFO - 304 GET /static/webassets/packed_core.js?c9c8de82 (::1) 1.29ms
2025-02-05 16:42:43 - tornado.access - INFO - 304 GET /static/webassets/packed_core.css?c6d7e09f (::1) 1.17ms
2025-02-05 16:42:43 - tornado.access - INFO - 304 GET /static/webassets/packed_client.js?f9a8f75a (::1) 1.73ms
2025-02-05 16:42:43 - tornado.access - INFO - 304 GET /static/webassets/packed_libs.css?5afd8762 (::1) 1.06ms
2025-02-05 16:42:43 - tornado.access - INFO - 304 GET /static/vendor/fontawesome-6.1.1/webfonts/fa-brands-400.woff2 (::1) 9.45ms
2025-02-05 16:42:43 - tornado.access - INFO - 304 GET /static/vendor/fontawesome-6.1.1/webfonts/fa-regular-400.woff2 (::1) 10.30ms
2025-02-05 16:42:43 - tornado.access - INFO - 304 GET /static/vendor/font-awesome-3.2.1/fonts/fontawesome-webfont.woff?v=3.2.1 (::1) 9.94ms
2025-02-05 16:42:43 - tornado.access - INFO - 304 GET /static/vendor/fontawesome-6.1.1/webfonts/fa-v4compatibility.woff2 (::1) 10.57ms
2025-02-05 16:42:43 - tornado.access - INFO - 304 GET /static/vendor/fontawesome-6.1.1/webfonts/fa-solid-900.woff2 (::1) 12.14ms
2025-02-05 16:42:43 - tornado.access - INFO - 304 GET /static/img/financial-support-64x64.png (::1) 10.94ms
2025-02-05 16:42:43 - tornado.access - INFO - 200 GET /sockjs/info?t=1738791763121 (::1) 0.24ms
2025-02-05 16:42:43 - tornado.access - INFO - 304 GET /static/img/mask-theme.svg (::1) 3.91ms
2025-02-05 16:42:43 - tornado.access - INFO - 101 GET /sockjs/485/n3fvk5bo/websocket (::1) 0.34ms
2025-02-05 16:42:43 - tornado.access - INFO - 304 GET /static/manifest.json (::1) 5.51ms
2025-02-05 16:42:43 - tornado.access - INFO - 200 POST /api/login (::1) 6.03ms
2025-02-05 16:42:43 - tornado.access - INFO - 304 GET /static/img/apple-touch-icon-144x144.png (::1) 10.57ms
2025-02-05 16:42:43 - tornado.access - INFO - 304 GET /api/settings (::1) 11.23ms
2025-02-05 16:42:43 - tornado.access - INFO - 304 GET /plugin/gcodeviewer/static/js/viewer/worker.js (::1) 5.78ms
2025-02-05 16:42:43 - tornado.access - INFO - 200 GET /api/plugin/appkeys (::1) 25.64ms
2025-02-05 16:42:43 - tornado.access - INFO - 200 GET /api/access/groups (::1) 24.70ms
2025-02-05 16:42:43 - tornado.access - INFO - 304 GET /api/printerprofiles (::1) 25.99ms
2025-02-05 16:42:43 - tornado.access - INFO - 200 GET /api/system/startup (::1) 26.51ms
2025-02-05 16:42:43 - tornado.access - INFO - 200 GET /api/plugin/appkeys?all=true (::1) 27.06ms
2025-02-05 16:42:43 - tornado.access - INFO - 200 GET /api/system/commands (::1) 27.84ms
2025-02-05 16:42:43 - tornado.access - INFO - 200 GET /plugin/logging/ (::1) 27.56ms
2025-02-05 16:42:43 - tornado.access - INFO - 304 GET /plugin/gcodeviewer/static/js/lib/pako.js (::1) 8.80ms
2025-02-05 16:42:43 - tornado.access - INFO - 200 GET /plugin/achievements/ (::1) 32.41ms
2025-02-05 16:42:43 - tornado.access - INFO - 200 GET /api/plugin/action_command_notification (::1) 43.28ms
2025-02-05 16:42:43 - tornado.access - INFO - 200 GET /api/printer/error (::1) 41.64ms
2025-02-05 16:42:43 - tornado.access - INFO - 200 GET /api/printer/command/custom (::1) 43.20ms
2025-02-05 16:42:43 - tornado.access - INFO - 200 GET /api/plugin/firmware_check (::1) 47.00ms
2025-02-05 16:42:43 - tornado.access - INFO - 200 GET /api/connection (::1) 51.37ms
2025-02-05 16:42:43 - tornado.access - INFO - 200 GET /api/plugin/action_command_prompt (::1) 30.66ms
2025-02-05 16:42:43 - tornado.access - INFO - 200 GET /api/plugin/file_check (::1) 32.45ms
2025-02-05 16:42:43 - tornado.access - INFO - 204 POST /api/plugin/tracking (::1) 26.17ms
2025-02-05 16:42:43 - tornado.access - INFO - 304 GET /api/timelapse?unrendered=true (::1) 21.75ms
2025-02-05 16:42:43 - tornado.access - INFO - 304 GET /api/slicing (::1) 19.82ms
2025-02-05 16:42:43 - tornado.access - INFO - 304 GET /plugin/pluginmanager/plugins (::1) 19.56ms
2025-02-05 16:42:43 - tornado.access - INFO - 304 GET /api/files?recursive=true (::1) 26.95ms
2025-02-05 16:42:43 - tornado.access - INFO - 304 GET /plugin/softwareupdate/check (::1) 23.21ms
2025-02-05 16:42:43 - tornado.access - INFO - 304 GET /plugin/softwareupdate/updatelog (::1) 20.41ms
2025-02-05 16:42:43 - tornado.access - INFO - 304 GET /plugin/announcements/channels (::1) 39.87ms
2025-02-05 16:42:43 - tornado.access - INFO - 200 GET /api/access/users (::1) 20.53ms
2025-02-05 16:42:47 - tornado.access - INFO - 200 GET /? (::1) 24.61ms
2025-02-05 16:42:47 - tornado.access - INFO - 304 GET /static/webassets/packed_libs.css?5afd8762 (::1) 1.74ms
2025-02-05 16:42:47 - tornado.access - INFO - 304 GET /static/webassets/packed_core.css?c6d7e09f (::1) 1.84ms
2025-02-05 16:42:47 - tornado.access - INFO - 304 GET /static/webassets/packed_libs.js?409a9b49 (::1) 2.10ms
2025-02-05 16:42:47 - tornado.access - INFO - 304 GET /static/webassets/packed_client.js?f9a8f75a (::1) 2.13ms
2025-02-05 16:42:47 - tornado.access - INFO - 304 GET /static/webassets/packed_core.js?c9c8de82 (::1) 2.70ms
2025-02-05 16:42:47 - tornado.access - INFO - 304 GET /static/vendor/fontawesome-6.1.1/webfonts/fa-brands-400.woff2 (::1) 15.17ms
2025-02-05 16:42:47 - tornado.access - INFO - 304 GET /static/vendor/fontawesome-6.1.1/webfonts/fa-regular-400.woff2 (::1) 14.85ms
2025-02-05 16:42:47 - tornado.access - INFO - 304 GET /static/vendor/fontawesome-6.1.1/webfonts/fa-solid-900.woff2 (::1) 14.90ms
2025-02-05 16:42:47 - tornado.access - INFO - 304 GET /static/vendor/fontawesome-6.1.1/webfonts/fa-v4compatibility.woff2 (::1) 15.13ms
2025-02-05 16:42:47 - tornado.access - INFO - 304 GET /static/vendor/font-awesome-3.2.1/fonts/fontawesome-webfont.woff?v=3.2.1 (::1) 13.36ms
2025-02-05 16:42:47 - tornado.access - INFO - 304 GET /static/img/financial-support-64x64.png (::1) 13.11ms
2025-02-05 16:42:47 - tornado.access - INFO - 200 GET /sockjs/info?t=1738791767314 (::1) 0.24ms
2025-02-05 16:42:47 - tornado.access - INFO - 101 GET /sockjs/726/kinz53s5/websocket (::1) 0.46ms
2025-02-05 16:42:47 - tornado.access - INFO - 304 GET /static/img/mask-theme.svg (::1) 3.93ms
2025-02-05 16:42:47 - tornado.access - INFO - 200 POST /api/login (::1) 7.35ms
2025-02-05 16:42:47 - tornado.access - INFO - 304 GET /static/manifest.json (::1) 1.82ms
2025-02-05 16:42:47 - tornado.access - INFO - 304 GET /static/img/apple-touch-icon-144x144.png (::1) 11.30ms
2025-02-05 16:42:47 - tornado.access - INFO - 304 GET /api/settings (::1) 12.20ms
2025-02-05 16:42:47 - tornado.access - INFO - 304 GET /plugin/gcodeviewer/static/js/viewer/worker.js (::1) 2.41ms
2025-02-05 16:42:47 - tornado.access - INFO - 200 GET /api/plugin/appkeys (::1) 26.99ms
2025-02-05 16:42:47 - tornado.access - INFO - 200 GET /api/access/groups (::1) 28.06ms
2025-02-05 16:42:47 - tornado.access - INFO - 200 GET /api/system/commands (::1) 31.39ms
2025-02-05 16:42:47 - tornado.access - INFO - 200 GET /api/system/startup (::1) 33.02ms
2025-02-05 16:42:47 - tornado.access - INFO - 200 GET /api/plugin/appkeys?all=true (::1) 37.44ms
2025-02-05 16:42:47 - tornado.access - INFO - 200 GET /api/plugin/action_command_notification (::1) 40.07ms
2025-02-05 16:42:47 - tornado.access - INFO - 200 GET /plugin/logging/ (::1) 40.63ms
2025-02-05 16:42:47 - tornado.access - INFO - 304 GET /plugin/gcodeviewer/static/js/lib/pako.js (::1) 26.84ms
2025-02-05 16:42:47 - tornado.access - INFO - 304 GET /api/printerprofiles (::1) 31.30ms
2025-02-05 16:42:47 - tornado.access - INFO - 200 GET /plugin/achievements/ (::1) 59.24ms
2025-02-05 16:42:47 - tornado.access - INFO - 200 GET /api/printer/command/custom (::1) 26.95ms
2025-02-05 16:42:47 - tornado.access - INFO - 200 GET /api/printer/error (::1) 28.00ms
2025-02-05 16:42:47 - tornado.access - INFO - 200 GET /api/plugin/firmware_check (::1) 29.12ms
2025-02-05 16:42:47 - tornado.access - INFO - 200 GET /api/connection (::1) 39.07ms
2025-02-05 16:42:47 - tornado.access - INFO - 200 GET /api/plugin/action_command_prompt (::1) 34.49ms
2025-02-05 16:42:47 - tornado.access - INFO - 304 GET /api/timelapse?unrendered=true (::1) 16.01ms
2025-02-05 16:42:47 - tornado.access - INFO - 204 POST /api/plugin/tracking (::1) 27.52ms
2025-02-05 16:42:47 - tornado.access - INFO - 200 GET /api/plugin/file_check (::1) 46.18ms
2025-02-05 16:42:47 - tornado.access - INFO - 304 GET /api/slicing (::1) 17.76ms
2025-02-05 16:42:47 - tornado.access - INFO - 304 GET /api/files?recursive=true (::1) 23.75ms
2025-02-05 16:42:47 - tornado.access - INFO - 304 GET /plugin/pluginmanager/plugins (::1) 24.35ms
2025-02-05 16:42:47 - tornado.access - INFO - 304 GET /plugin/softwareupdate/check (::1) 22.08ms
2025-02-05 16:42:47 - tornado.access - INFO - 304 GET /plugin/softwareupdate/updatelog (::1) 23.01ms
2025-02-05 16:42:47 - tornado.access - INFO - 200 GET /api/access/users (::1) 18.94ms
2025-02-05 16:42:47 - tornado.access - INFO - 304 GET /plugin/announcements/channels (::1) 44.05ms
2025-02-05 16:42:50 - tornado.access - INFO - 200 GET /? (::1) 27.04ms
2025-02-05 16:42:50 - tornado.access - INFO - 304 GET /static/webassets/packed_libs.css?5afd8762 (::1) 0.96ms
2025-02-05 16:42:50 - tornado.access - INFO - 304 GET /static/webassets/packed_core.css?c6d7e09f (::1) 2.94ms
2025-02-05 16:42:50 - tornado.access - INFO - 304 GET /static/webassets/packed_libs.js?409a9b49 (::1) 2.45ms
2025-02-05 16:42:50 - tornado.access - INFO - 304 GET /static/webassets/packed_client.js?f9a8f75a (::1) 2.39ms
2025-02-05 16:42:50 - tornado.access - INFO - 304 GET /static/webassets/packed_core.js?c9c8de82 (::1) 2.92ms
2025-02-05 16:42:50 - tornado.access - INFO - 304 GET /static/vendor/fontawesome-6.1.1/webfonts/fa-brands-400.woff2 (::1) 12.34ms
2025-02-05 16:42:50 - tornado.access - INFO - 304 GET /static/vendor/fontawesome-6.1.1/webfonts/fa-regular-400.woff2 (::1) 12.88ms
2025-02-05 16:42:50 - tornado.access - INFO - 304 GET /static/vendor/font-awesome-3.2.1/fonts/fontawesome-webfont.woff?v=3.2.1 (::1) 12.96ms
2025-02-05 16:42:50 - tornado.access - INFO - 304 GET /static/img/financial-support-64x64.png (::1) 14.62ms
2025-02-05 16:42:50 - tornado.access - INFO - 304 GET /static/vendor/fontawesome-6.1.1/webfonts/fa-v4compatibility.woff2 (::1) 17.62ms
2025-02-05 16:42:50 - tornado.access - INFO - 304 GET /static/vendor/fontawesome-6.1.1/webfonts/fa-solid-900.woff2 (::1) 19.11ms
2025-02-05 16:42:50 - tornado.access - INFO - 200 GET /sockjs/info?t=1738791770752 (::1) 0.49ms
2025-02-05 16:42:50 - tornado.access - INFO - 304 GET /static/img/mask-theme.svg (::1) 3.85ms
2025-02-05 16:42:50 - tornado.access - INFO - 101 GET /sockjs/219/rdor3zc2/websocket (::1) 0.50ms
2025-02-05 16:42:50 - tornado.access - INFO - 304 GET /static/manifest.json (::1) 6.30ms
2025-02-05 16:42:50 - tornado.access - INFO - 200 POST /api/login (::1) 6.34ms
2025-02-05 16:42:50 - tornado.access - INFO - 304 GET /static/img/apple-touch-icon-144x144.png (::1) 3.52ms
2025-02-05 16:42:50 - tornado.access - INFO - 304 GET /api/settings (::1) 9.41ms
2025-02-05 16:42:50 - tornado.access - INFO - 304 GET /plugin/gcodeviewer/static/js/viewer/worker.js (::1) 2.64ms
2025-02-05 16:42:50 - tornado.access - INFO - 200 GET /api/plugin/appkeys (::1) 34.60ms
2025-02-05 16:42:50 - tornado.access - INFO - 304 GET /api/printerprofiles (::1) 33.84ms
2025-02-05 16:42:50 - tornado.access - INFO - 200 GET /api/access/groups (::1) 37.43ms
2025-02-05 16:42:50 - tornado.access - INFO - 200 GET /api/system/commands (::1) 37.64ms
2025-02-05 16:42:50 - tornado.access - INFO - 200 GET /api/plugin/appkeys?all=true (::1) 37.75ms
2025-02-05 16:42:50 - tornado.access - INFO - 200 GET /api/system/startup (::1) 38.80ms
2025-02-05 16:42:50 - tornado.access - INFO - 200 GET /api/plugin/action_command_notification (::1) 38.63ms
2025-02-05 16:42:50 - tornado.access - INFO - 200 GET /plugin/achievements/ (::1) 40.06ms
2025-02-05 16:42:50 - tornado.access - INFO - 304 GET /plugin/gcodeviewer/static/js/lib/pako.js (::1) 22.73ms
2025-02-05 16:42:50 - tornado.access - INFO - 200 GET /plugin/logging/ (::1) 56.53ms
2025-02-05 16:42:50 - tornado.access - INFO - 200 GET /api/printer/command/custom (::1) 32.52ms
2025-02-05 16:42:50 - tornado.access - INFO - 200 GET /api/plugin/firmware_check (::1) 32.22ms
2025-02-05 16:42:50 - tornado.access - INFO - 200 GET /api/printer/error (::1) 33.64ms
2025-02-05 16:42:50 - tornado.access - INFO - 200 GET /api/plugin/action_command_prompt (::1) 30.44ms
2025-02-05 16:42:50 - tornado.access - INFO - 200 GET /api/connection (::1) 45.13ms
2025-02-05 16:42:50 - tornado.access - INFO - 204 POST /api/plugin/tracking (::1) 30.54ms
2025-02-05 16:42:50 - tornado.access - INFO - 304 GET /api/timelapse?unrendered=true (::1) 31.82ms
2025-02-05 16:42:50 - tornado.access - INFO - 304 GET /api/slicing (::1) 20.11ms
2025-02-05 16:42:50 - tornado.access - INFO - 200 GET /api/plugin/file_check (::1) 43.04ms
2025-02-05 16:42:50 - tornado.access - INFO - 304 GET /plugin/announcements/channels (::1) 35.22ms
2025-02-05 16:42:50 - tornado.access - INFO - 304 GET /plugin/pluginmanager/plugins (::1) 20.06ms
2025-02-05 16:42:50 - tornado.access - INFO - 304 GET /api/files?recursive=true (::1) 24.56ms
2025-02-05 16:42:50 - tornado.access - INFO - 304 GET /plugin/softwareupdate/check (::1) 15.55ms
2025-02-05 16:42:50 - tornado.access - INFO - 304 GET /plugin/softwareupdate/updatelog (::1) 16.57ms
2025-02-05 16:42:50 - tornado.access - INFO - 200 GET /api/access/users (::1) 17.26ms
2025-02-05 16:49:16 - tornado.access - INFO - 200 GET /sockjs/info?t=1738792156577 (::1) 1.31ms
2025-02-05 16:49:16 - tornado.access - INFO - 101 GET /sockjs/468/3hevz2ba/websocket (::1) 0.83ms
2025-02-05 16:49:16 - tornado.access - INFO - 200 POST /api/login (::1) 14.44ms
2025-02-05 16:49:16 - tornado.access - INFO - 200 GET /api/access/groups (::1) 30.51ms
2025-02-05 16:49:16 - tornado.access - INFO - 200 GET /api/system/startup (::1) 30.06ms
2025-02-05 16:49:16 - tornado.access - INFO - 200 GET /api/printer/command/custom (::1) 34.63ms
2025-02-05 16:49:16 - tornado.access - INFO - 200 GET /api/printer/error (::1) 34.70ms
2025-02-05 16:49:16 - tornado.access - INFO - 200 GET /api/system/commands (::1) 34.62ms
2025-02-05 16:49:16 - tornado.access - INFO - 200 GET /api/connection (::1) 47.11ms
2025-02-05 16:49:16 - tornado.access - INFO - 200 GET /api/plugin/firmware_check (::1) 18.73ms
2025-02-05 16:49:16 - tornado.access - INFO - 304 GET /api/slicing (::1) 16.50ms
2025-02-05 16:49:16 - tornado.access - INFO - 200 GET /api/printerprofiles (::1) 40.11ms
2025-02-05 16:49:16 - tornado.access - INFO - 304 GET /api/settings (::1) 33.33ms
2025-02-05 16:49:16 - tornado.access - INFO - 200 GET /api/timelapse?unrendered=true (::1) 38.02ms
2025-02-05 16:49:16 - tornado.access - INFO - 304 GET /plugin/pluginmanager/plugins (::1) 12.24ms
2025-02-05 16:49:16 - tornado.access - INFO - 200 GET /api/files?recursive=true (::1) 20.49ms
2025-02-05 16:49:16 - tornado.access - INFO - 200 GET /plugin/softwareupdate/check (::1) 13.55ms
2025-02-05 16:49:16 - tornado.access - INFO - 304 GET /plugin/softwareupdate/updatelog (::1) 12.62ms
2025-02-05 16:49:16 - tornado.access - INFO - 304 GET /plugin/announcements/channels (::1) 46.92ms
2025-02-05 16:49:16 - tornado.access - INFO - 200 GET /plugin/logging/ (::1) 11.58ms
2025-02-05 16:49:16 - tornado.access - INFO - 304 GET /api/timelapse?unrendered=true (::1) 6.69ms
2025-02-05 16:49:16 - tornado.access - INFO - 200 GET /plugin/achievements/ (::1) 7.79ms
2025-02-05 16:49:16 - tornado.access - INFO - 200 GET /api/access/users (::1) 5.39ms
2025-02-05 16:49:16 - tornado.access - INFO - 200 GET /api/plugin/file_check (::1) 2.85ms
2025-02-05 16:53:31 - tornado.access - INFO - 302 GET /? (::1) 13.00ms
2025-02-05 16:53:31 - tornado.access - INFO - 302 GET /login/?redirect=%2F%3F&permissions=STATUS,SETTINGS_READ (::1) 7.07ms
2025-02-05 16:53:31 - tornado.access - INFO - 200 GET /? (::1) 13.13ms
2025-02-05 16:53:31 - tornado.access - INFO - 200 GET /static/webassets/packed_core.css?c6d7e09f (::1) 2.31ms
2025-02-05 16:53:31 - tornado.access - INFO - 200 GET /static/webassets/packed_libs.js?409a9b49 (::1) 5.21ms
2025-02-05 16:53:31 - tornado.access - INFO - 200 GET /static/webassets/packed_client.js?f9a8f75a (::1) 7.11ms
2025-02-05 16:53:31 - tornado.access - INFO - 200 GET /static/webassets/packed_core.js?c9c8de82 (::1) 9.61ms
2025-02-05 16:53:31 - tornado.access - INFO - 200 GET /static/webassets/packed_libs.css?5afd8762 (::1) 5.31ms
2025-02-05 16:53:31 - tornado.access - INFO - 304 GET /static/vendor/fontawesome-6.1.1/webfonts/fa-regular-400.woff2 (::1) 34.43ms
2025-02-05 16:53:31 - tornado.access - INFO - 304 GET /static/vendor/fontawesome-6.1.1/webfonts/fa-brands-400.woff2 (::1) 35.05ms
2025-02-05 16:53:31 - tornado.access - INFO - 304 GET /static/vendor/fontawesome-6.1.1/webfonts/fa-solid-900.woff2 (::1) 16.08ms
2025-02-05 16:53:31 - tornado.access - INFO - 304 GET /static/vendor/font-awesome-3.2.1/fonts/fontawesome-webfont.woff?v=3.2.1 (::1) 15.75ms
2025-02-05 16:53:31 - tornado.access - INFO - 304 GET /static/img/financial-support-64x64.png (::1) 12.53ms
2025-02-05 16:53:31 - tornado.access - INFO - 304 GET /static/vendor/fontawesome-6.1.1/webfonts/fa-v4compatibility.woff2 (::1) 18.20ms
2025-02-05 16:53:32 - tornado.access - INFO - 200 GET /sockjs/info?t=1738792412104 (::1) 1.68ms
2025-02-05 16:53:32 - tornado.access - INFO - 304 GET /static/img/mask-theme.svg (::1) 4.40ms
2025-02-05 16:53:32 - tornado.access - INFO - 101 GET /sockjs/627/j3gnxk3v/websocket (::1) 0.82ms
2025-02-05 16:53:32 - tornado.access - INFO - 304 GET /static/manifest.json (::1) 10.71ms
2025-02-05 16:53:32 - tornado.access - INFO - 200 POST /api/login (::1) 11.87ms
2025-02-05 16:53:32 - tornado.access - INFO - 304 GET /static/img/apple-touch-icon-144x144.png (::1) 3.56ms
2025-02-05 16:53:32 - tornado.access - INFO - 304 GET /api/settings (::1) 10.47ms
2025-02-05 16:53:32 - tornado.access - INFO - 304 GET /plugin/gcodeviewer/static/js/viewer/worker.js (::1) 2.94ms
2025-02-05 16:53:32 - tornado.access - INFO - 200 GET /api/plugin/appkeys (::1) 16.68ms
2025-02-05 16:53:32 - tornado.access - INFO - 200 GET /api/access/groups (::1) 26.49ms
2025-02-05 16:53:32 - tornado.access - INFO - 200 GET /api/system/commands (::1) 46.08ms
2025-02-05 16:53:32 - tornado.access - INFO - 200 GET /api/system/startup (::1) 47.50ms
2025-02-05 16:53:32 - tornado.access - INFO - 200 GET /api/plugin/appkeys?all=true (::1) 47.80ms
2025-02-05 16:53:32 - tornado.access - INFO - 304 GET /plugin/gcodeviewer/static/js/lib/pako.js (::1) 21.88ms
2025-02-05 16:53:32 - tornado.access - INFO - 200 GET /plugin/logging/ (::1) 55.07ms
2025-02-05 16:53:32 - tornado.access - INFO - 200 GET /api/plugin/action_command_notification (::1) 32.27ms
2025-02-05 16:53:32 - tornado.access - INFO - 200 GET /plugin/achievements/ (::1) 54.72ms
2025-02-05 16:53:32 - tornado.access - INFO - 200 GET /api/printer/command/custom (::1) 22.61ms
2025-02-05 16:53:32 - tornado.access - INFO - 200 GET /api/printer/error (::1) 23.75ms
2025-02-05 16:53:32 - tornado.access - INFO - 200 GET /api/connection (::1) 26.69ms
2025-02-05 16:53:32 - tornado.access - INFO - 200 GET /api/plugin/firmware_check (::1) 18.34ms
2025-02-05 16:53:32 - tornado.access - INFO - 204 POST /api/plugin/tracking (::1) 12.41ms
2025-02-05 16:53:32 - tornado.access - INFO - 200 GET /api/plugin/action_command_prompt (::1) 15.97ms
2025-02-05 16:53:32 - tornado.access - INFO - 200 GET /api/plugin/file_check (::1) 19.47ms
2025-02-05 16:53:32 - tornado.access - INFO - 304 GET /api/slicing (::1) 13.63ms
2025-02-05 16:53:32 - tornado.access - INFO - 304 GET /plugin/softwareupdate/updatelog (::1) 16.00ms
2025-02-05 16:53:32 - tornado.access - INFO - 200 GET /api/printerprofiles (::1) 33.79ms
2025-02-05 16:53:32 - tornado.access - INFO - 200 GET /plugin/softwareupdate/check (::1) 20.85ms
2025-02-05 16:53:32 - tornado.access - INFO - 200 GET /api/timelapse?unrendered=true (::1) 29.93ms
2025-02-05 16:53:32 - tornado.access - INFO - 304 GET /plugin/pluginmanager/plugins (::1) 12.46ms
2025-02-05 16:53:32 - tornado.access - INFO - 304 GET /static/img/graph-background.png (::1) 12.27ms
2025-02-05 16:53:32 - tornado.access - INFO - 200 GET /api/files?recursive=true (::1) 30.77ms
2025-02-05 16:53:32 - tornado.access - INFO - 304 GET /plugin/announcements/channels (::1) 41.06ms
2025-02-05 16:53:32 - tornado.access - INFO - 304 GET /static/img/tentacle-20x20@2x.png (::1) 7.85ms
2025-02-05 16:53:32 - tornado.access - INFO - 200 GET /api/access/users (::1) 8.25ms
2025-02-05 16:54:44 - tornado.access - INFO - 200 GET / (::1) 23.31ms
2025-02-05 16:54:44 - tornado.access - INFO - 200 GET /static/webassets/packed_core.css?c6d7e09f (::1) 5.93ms
2025-02-05 16:54:44 - tornado.access - INFO - 200 GET /static/webassets/packed_core.js?c9c8de82 (::1) 5.56ms
2025-02-05 16:54:44 - tornado.access - INFO - 200 GET /static/webassets/packed_libs.css?5afd8762 (::1) 5.67ms
2025-02-05 16:54:44 - tornado.access - INFO - 200 GET /static/webassets/packed_libs.js?409a9b49 (::1) 11.25ms
2025-02-05 16:54:44 - tornado.access - INFO - 200 GET /static/webassets/packed_client.js?f9a8f75a (::1) 16.20ms
2025-02-05 16:54:44 - tornado.access - INFO - 304 GET /static/vendor/fontawesome-6.1.1/webfonts/fa-brands-400.woff2 (::1) 30.66ms
2025-02-05 16:54:44 - tornado.access - INFO - 304 GET /static/vendor/fontawesome-6.1.1/webfonts/fa-regular-400.woff2 (::1) 9.91ms
2025-02-05 16:54:44 - tornado.access - INFO - 304 GET /static/vendor/fontawesome-6.1.1/webfonts/fa-solid-900.woff2 (::1) 9.80ms
2025-02-05 16:54:44 - tornado.access - INFO - 304 GET /static/vendor/fontawesome-6.1.1/webfonts/fa-v4compatibility.woff2 (::1) 10.97ms
2025-02-05 16:54:44 - tornado.access - INFO - 304 GET /static/vendor/font-awesome-3.2.1/fonts/fontawesome-webfont.woff?v=3.2.1 (::1) 12.84ms
2025-02-05 16:54:44 - tornado.access - INFO - 304 GET /static/img/financial-support-64x64.png (::1) 13.71ms
2025-02-05 16:54:44 - tornado.access - INFO - 304 GET /static/img/mask-theme.svg (::1) 1.53ms
2025-02-05 16:54:44 - tornado.access - INFO - 200 GET /sockjs/info?t=1738792484761 (::1) 0.27ms
2025-02-05 16:54:44 - tornado.access - INFO - 304 GET /static/manifest.json (::1) 1.27ms
2025-02-05 16:54:44 - tornado.access - INFO - 101 GET /sockjs/535/fa4a2tnm/websocket (::1) 0.27ms
2025-02-05 16:54:44 - tornado.access - INFO - 304 GET /static/img/apple-touch-icon-144x144.png (::1) 1.48ms
2025-02-05 16:54:44 - tornado.access - INFO - 200 POST /api/login (::1) 4.30ms
2025-02-05 16:54:44 - tornado.access - INFO - 304 GET /api/settings (::1) 10.23ms
2025-02-05 16:54:44 - tornado.access - INFO - 304 GET /plugin/gcodeviewer/static/js/viewer/worker.js (::1) 4.65ms
2025-02-05 16:54:44 - tornado.access - INFO - 200 GET /api/plugin/appkeys (::1) 17.32ms
2025-02-05 16:54:44 - tornado.access - INFO - 200 GET /api/access/groups (::1) 18.95ms
2025-02-05 16:54:44 - tornado.access - INFO - 200 GET /api/system/commands (::1) 18.22ms
2025-02-05 16:54:44 - tornado.access - INFO - 200 GET /api/plugin/appkeys?all=true (::1) 19.75ms
2025-02-05 16:54:44 - tornado.access - INFO - 200 GET /api/system/startup (::1) 24.71ms
2025-02-05 16:54:44 - tornado.access - INFO - 200 GET /plugin/logging/ (::1) 27.01ms
2025-02-05 16:54:44 - tornado.access - INFO - 200 GET /api/plugin/action_command_notification (::1) 32.09ms
2025-02-05 16:54:44 - tornado.access - INFO - 200 GET /plugin/achievements/ (::1) 45.39ms
2025-02-05 16:54:44 - tornado.access - INFO - 200 GET /api/printer/error (::1) 32.24ms
2025-02-05 16:54:44 - tornado.access - INFO - 200 GET /api/printer/command/custom (::1) 33.04ms
2025-02-05 16:54:44 - tornado.access - INFO - 304 GET /plugin/gcodeviewer/static/js/lib/pako.js (::1) 12.00ms
2025-02-05 16:54:44 - tornado.access - INFO - 200 GET /api/plugin/firmware_check (::1) 24.33ms
2025-02-05 16:54:44 - tornado.access - INFO - 200 GET /api/connection (::1) 44.96ms
2025-02-05 16:54:44 - tornado.access - INFO - 204 POST /api/plugin/tracking (::1) 21.09ms
2025-02-05 16:54:44 - tornado.access - INFO - 200 GET /api/plugin/action_command_prompt (::1) 23.78ms
2025-02-05 16:54:44 - tornado.access - INFO - 304 GET /api/slicing (::1) 19.26ms
2025-02-05 16:54:44 - tornado.access - INFO - 200 GET /api/plugin/file_check (::1) 30.27ms
2025-02-05 16:54:44 - tornado.access - INFO - 200 GET /api/timelapse?unrendered=true (::1) 36.33ms
2025-02-05 16:54:44 - tornado.access - INFO - 200 GET /api/printerprofiles (::1) 43.24ms
2025-02-05 16:54:44 - tornado.access - INFO - 304 GET /plugin/softwareupdate/updatelog (::1) 13.85ms
2025-02-05 16:54:44 - tornado.access - INFO - 304 GET /plugin/pluginmanager/plugins (::1) 14.10ms
2025-02-05 16:54:44 - tornado.access - INFO - 304 GET /plugin/announcements/channels (::1) 41.91ms
2025-02-05 16:54:45 - tornado.access - INFO - 200 GET /plugin/softwareupdate/check (::1) 21.01ms
2025-02-05 16:54:45 - tornado.access - INFO - 200 GET /api/files?recursive=true (::1) 27.39ms
2025-02-05 16:54:45 - tornado.access - INFO - 304 GET /static/img/graph-background.png (::1) 11.79ms
2025-02-05 16:54:45 - tornado.access - INFO - 304 GET /static/img/tentacle-20x20@2x.png (::1) 12.05ms
2025-02-05 16:54:45 - tornado.access - INFO - 200 GET /api/access/users (::1) 14.26ms
2025-02-05 16:56:01 - tornado.access - INFO - 302 GET / (::1) 14.33ms
2025-02-05 16:56:01 - tornado.access - INFO - 200 GET /login/?redirect=%2F%3F&permissions=STATUS,SETTINGS_READ (::1) 22.44ms
2025-02-05 16:56:01 - tornado.access - WARNING - 404 GET /static/vendor/font-awesome-5.15.1/css/v4-shims.css (::1) 11.80ms
2025-02-05 16:56:01 - tornado.access - WARNING - 404 GET /static/vendor/font-awesome-5.15.1/css/all.min.css (::1) 12.41ms
2025-02-05 16:56:01 - tornado.access - INFO - 200 GET /static/css/login.css (::1) 12.90ms
2025-02-05 16:56:01 - tornado.access - INFO - 200 GET /static/css/bootstrap-responsive.min.css (::1) 14.59ms
2025-02-05 16:56:01 - tornado.access - INFO - 200 GET /static/js/login/login.js (::1) 2.41ms
2025-02-05 16:56:01 - tornado.access - INFO - 200 GET /static/js/lib/jquery/jquery.min.js (::1) 21.33ms
2025-02-05 16:56:01 - tornado.access - INFO - 200 GET /static/css/bootstrap.min.css (::1) 21.74ms
2025-02-05 16:56:01 - tornado.access - INFO - 200 GET /static/js/lib/sockjs.min.js (::1) 9.57ms
2025-02-05 16:56:01 - tornado.access - INFO - 200 GET /static/js/lib/lodash.min.js (::1) 10.05ms
2025-02-05 16:56:01 - tornado.access - INFO - 200 GET /static/js/lib/bootstrap/bootstrap.js (::1) 10.75ms
2025-02-05 16:56:01 - tornado.access - INFO - 200 GET /static/webassets/packed_client.js?f9a8f75a (::1) 3.19ms
2025-02-05 16:56:01 - tornado.access - INFO - 200 GET /sockjs/info?t=1738792561903 (::1) 0.44ms
2025-02-05 16:56:01 - tornado.access - INFO - 200 GET /static/img/tentacle-32x32.png (::1) 1.83ms
2025-02-05 16:56:01 - tornado.access - INFO - 101 GET /sockjs/318/bce0nmix/websocket (::1) 0.41ms
2025-02-05 16:56:15 - tornado.access - INFO - 200 POST /api/login (::1) 64.58ms
2025-02-05 16:56:16 - tornado.access - INFO - 200 GET /? (::1) 78.79ms
2025-02-05 16:56:16 - tornado.access - INFO - 200 GET /static/webassets/packed_core.js?c9c8de82 (::1) 3.42ms
2025-02-05 16:56:16 - tornado.access - INFO - 200 GET /static/webassets/packed_libs.js?409a9b49 (::1) 9.12ms
2025-02-05 16:56:16 - tornado.access - INFO - 200 GET /static/webassets/packed_core.css?c6d7e09f (::1) 9.32ms
2025-02-05 16:56:16 - tornado.access - INFO - 200 GET /static/webassets/packed_libs.css?5afd8762 (::1) 2.04ms
2025-02-05 16:56:16 - tornado.access - INFO - 304 GET /static/webassets/packed_client.js?f9a8f75a (::1) 6.22ms
2025-02-05 16:56:16 - tornado.access - INFO - 304 GET /static/vendor/fontawesome-6.1.1/webfonts/fa-brands-400.woff2 (::1) 15.51ms
2025-02-05 16:56:16 - tornado.access - INFO - 304 GET /static/vendor/font-awesome-3.2.1/fonts/fontawesome-webfont.woff?v=3.2.1 (::1) 8.20ms
2025-02-05 16:56:16 - tornado.access - INFO - 304 GET /static/vendor/fontawesome-6.1.1/webfonts/fa-regular-400.woff2 (::1) 11.03ms
2025-02-05 16:56:16 - tornado.access - INFO - 304 GET /static/vendor/fontawesome-6.1.1/webfonts/fa-solid-900.woff2 (::1) 10.67ms
2025-02-05 16:56:16 - tornado.access - INFO - 304 GET /static/vendor/fontawesome-6.1.1/webfonts/fa-v4compatibility.woff2 (::1) 11.36ms
2025-02-05 16:56:16 - tornado.access - INFO - 304 GET /static/img/financial-support-64x64.png (::1) 11.12ms
2025-02-05 16:56:16 - tornado.access - INFO - 200 GET /sockjs/info?t=1738792576151 (::1) 0.22ms
2025-02-05 16:56:16 - tornado.access - INFO - 101 GET /sockjs/079/gk5kj05r/websocket (::1) 0.31ms
2025-02-05 16:56:16 - tornado.access - INFO - 304 GET /static/img/mask-theme.svg (::1) 5.21ms
2025-02-05 16:56:16 - tornado.access - INFO - 200 POST /api/login (::1) 6.87ms
2025-02-05 16:56:16 - tornado.access - INFO - 304 GET /static/manifest.json (::1) 2.89ms
2025-02-05 16:56:16 - tornado.access - INFO - 304 GET /static/img/apple-touch-icon-144x144.png (::1) 17.91ms
2025-02-05 16:56:16 - tornado.access - INFO - 200 GET /api/settings (::1) 38.86ms
2025-02-05 16:56:16 - tornado.access - INFO - 304 GET /plugin/gcodeviewer/static/js/viewer/worker.js (::1) 2.66ms
2025-02-05 16:56:16 - tornado.access - INFO - 200 GET /api/access/groups (::1) 23.69ms
2025-02-05 16:56:16 - tornado.access - INFO - 200 GET /api/plugin/appkeys (::1) 25.04ms
2025-02-05 16:56:16 - tornado.access - INFO - 200 GET /api/system/commands (::1) 23.38ms
2025-02-05 16:56:16 - tornado.access - INFO - 200 GET /api/plugin/appkeys?all=true (::1) 35.03ms
2025-02-05 16:56:16 - tornado.access - INFO - 200 GET /api/system/startup (::1) 47.70ms
2025-02-05 16:56:16 - tornado.access - INFO - 200 GET /api/printerprofiles (::1) 71.89ms
2025-02-05 16:56:16 - tornado.access - INFO - 200 GET /plugin/logging/ (::1) 49.82ms
2025-02-05 16:56:16 - tornado.access - INFO - 200 GET /api/timelapse?unrendered=true (::1) 53.36ms
2025-02-05 16:56:16 - tornado.access - INFO - 304 GET /plugin/gcodeviewer/static/js/lib/pako.js (::1) 26.08ms
2025-02-05 16:56:16 - tornado.access - INFO - 200 GET /api/plugin/action_command_notification (::1) 31.01ms
2025-02-05 16:56:16 - tornado.access - INFO - 200 GET /plugin/achievements/ (::1) 40.13ms
2025-02-05 16:56:16 - tornado.access - INFO - 200 GET /api/printer/command/custom (::1) 20.66ms
2025-02-05 16:56:16 - tornado.access - INFO - 200 GET /api/printer/error (::1) 20.94ms
2025-02-05 16:56:16 - tornado.access - INFO - 200 GET /api/slicing (::1) 17.55ms
2025-02-05 16:56:16 - tornado.access - INFO - 200 GET /api/plugin/firmware_check (::1) 16.82ms
2025-02-05 16:56:16 - tornado.access - INFO - 200 GET /api/connection (::1) 36.58ms
2025-02-05 16:56:16 - tornado.access - INFO - 200 GET /api/files?recursive=true (::1) 25.06ms
2025-02-05 16:56:16 - tornado.access - INFO - 200 GET /plugin/pluginmanager/plugins (::1) 17.62ms
2025-02-05 16:56:16 - tornado.access - INFO - 200 GET /api/plugin/file_check (::1) 20.57ms
2025-02-05 16:56:16 - tornado.access - INFO - 200 GET /plugin/softwareupdate/check (::1) 20.13ms
2025-02-05 16:56:16 - tornado.access - INFO - 200 GET /plugin/softwareupdate/updatelog (::1) 19.21ms
2025-02-05 16:56:16 - tornado.access - INFO - 200 GET /api/plugin/action_command_prompt (::1) 27.47ms
2025-02-05 16:56:16 - tornado.access - INFO - 304 GET /static/img/tentacle-20x20@2x.png (::1) 22.89ms
2025-02-05 16:56:16 - tornado.access - INFO - 204 POST /api/plugin/tracking (::1) 23.44ms
2025-02-05 16:56:16 - tornado.access - INFO - 200 GET /plugin/announcements/channels (::1) 94.38ms
2025-02-05 16:56:16 - tornado.access - INFO - 200 GET /api/access/users (::1) 12.13ms
2025-02-05 16:56:16 - tornado.access - INFO - 200 GET /static/img/graph-background.png (::1) 25.34ms
2025-02-05 16:56:26 - tornado.access - INFO - 204 POST /api/connection (::1) 44.32ms
2025-02-05 16:56:26 - tornado.access - INFO - 200 GET /api/printer/error (::1) 16.81ms
2025-02-05 16:56:26 - tornado.access - INFO - 304 GET /api/settings (::1) 17.01ms
2025-02-05 16:56:26 - tornado.access - INFO - 200 GET /api/printerprofiles (::1) 21.74ms
2025-02-05 16:56:26 - tornado.access - INFO - 200 GET /api/plugin/file_check (::1) 5.39ms
2025-02-05 16:56:28 - tornado.access - INFO - 200 GET /api/connection (::1) 6.22ms
2025-02-05 16:56:38 - tornado.access - INFO - 304 GET /api/files?recursive=true (::1) 8.17ms
2025-02-05 17:00:15 - tornado.access - WARNING - 403 GET /api/version (192.168.1.153) 6.02ms
2025-02-05 17:00:54 - tornado.access - INFO - 200 GET /api/languages (::1) 49.09ms
2025-02-05 17:00:54 - tornado.access - INFO - 200 GET /api/plugin/appkeys?all=true (::1) 49.09ms
2025-02-05 17:00:54 - tornado.access - INFO - 200 GET /plugin/pluginmanager/orphans (::1) 45.39ms
2025-02-05 17:00:54 - tornado.access - INFO - 304 GET /api/printerprofiles (::1) 45.47ms
2025-02-05 17:00:54 - tornado.access - INFO - 200 GET /plugin/pluginmanager/repository (::1) 46.85ms
2025-02-05 17:00:54 - tornado.access - INFO - 200 GET /plugin/backup/ (::1) 47.56ms
2025-02-05 17:00:54 - tornado.access - INFO - 200 GET /plugin/logging/ (::1) 48.66ms
2025-02-05 17:00:57 - tornado.access - INFO - 304 GET /api/settings (::1) 25.22ms
2025-02-05 17:00:57 - tornado.access - INFO - 200 GET /api/plugin/file_check (::1) 6.21ms
2025-02-05 17:01:25 - tornado.access - INFO - 200 GET /api/access/users (::1) 12.13ms
2025-02-05 17:01:25 - tornado.access - INFO - 200 GET /api/settings (::1) 54.52ms
2025-02-05 17:01:25 - tornado.access - INFO - 200 GET /api/plugin/file_check (::1) 3.63ms
